2018-06-04 14:53:49,670 [Worker-1] INFO  c.g.t.t.d.PublishedGradleVersions - Gradle version information cache is not available. Remote download required.
2018-06-08 11:05:13,722 [Worker-0] INFO  c.g.t.t.d.PublishedGradleVersions - Gradle version information cache is out-of-date. Trying to update.
2018-06-08 11:36:25,406 [Worker-4] INFO  c.g.t.t.d.PublishedGradleVersions - Gradle version information cache is up-to-date. Trying to read.
2018-06-08 16:03:32,697 [Worker-0] INFO  c.g.t.t.d.PublishedGradleVersions - Gradle version information cache is up-to-date. Trying to read.
2018-06-20 10:57:08,786 [Worker-1] INFO  c.g.t.t.d.PublishedGradleVersions - Gradle version information cache is out-of-date. Trying to update.
2018-06-20 17:57:04,910 [Worker-0] INFO  c.g.t.t.d.PublishedGradleVersions - Gradle version information cache is up-to-date. Trying to read.
2018-06-21 12:24:43,514 [Worker-0] INFO  c.g.t.t.d.PublishedGradleVersions - Gradle version information cache is out-of-date. Trying to update.
2018-06-21 12:29:21,700 [Worker-1] INFO  c.g.t.t.d.PublishedGradleVersions - Gradle version information cache is up-to-date. Trying to read.
2018-07-29 13:26:11,150 [Worker-3] INFO  c.g.t.t.d.PublishedGradleVersions - Gradle version information cache is out-of-date. Trying to update.
2018-07-29 13:29:24,190 [Worker-3] INFO  o.e.m.c.i.p.ProjectConfigurationManager - Collecting project info '/pom.xml' C:\Users\mattstro\eclipse-workspace\gs-uploading-files\pom.xml
2018-07-29 13:29:30,011 [Worker-3] INFO  o.e.m.c.i.l.LifecycleMappingFactory - Using org.maven.ide.eclipse.wtp.WarLifecycleMapping lifecycle mapping for MavenProject: org.springframework:gs-uploading-files:0.1.0 @ C:\Users\mattstro\eclipse-workspace\gs-uploading-files\pom.xml.
2018-07-29 13:29:37,508 [Worker-3] INFO  o.e.m.j.i.AbstractJavaProjectConfigurator - Adding source folder /gs-uploading-files/src/main/java
2018-07-29 13:29:37,510 [Worker-3] INFO  o.e.m.j.i.AbstractJavaProjectConfigurator - Adding resource folder /gs-uploading-files/src/main/resources
2018-07-29 13:29:37,510 [Worker-3] INFO  o.e.m.j.i.AbstractJavaProjectConfigurator - Adding source folder /gs-uploading-files/src/test/java
2018-07-29 13:29:42,212 [Worker-3] INFO  o.e.m.c.i.p.ProjectConfigurationManager - Imported and configured 1 project(s) in 17 sec
2018-07-29 13:29:44,099 [Worker-1] WARN  o.e.m.c.i.embedder.EclipseLogger - Using platform encoding (Cp1252 actually) to copy filtered resources, i.e. build is platform dependent!
2018-07-29 13:29:44,196 [Worker-1] INFO  o.e.m.c.i.embedder.EclipseLogger - Copying 0 resource
2018-07-29 13:29:44,200 [Worker-1] WARN  o.e.m.c.i.embedder.EclipseLogger - Using platform encoding (Cp1252 actually) to copy filtered resources, i.e. build is platform dependent!
2018-07-29 13:29:44,318 [Worker-1] INFO  o.e.m.c.i.embedder.EclipseLogger - skip non existing resourceDirectory C:\Users\mattstro\eclipse-workspace\gs-uploading-files\src\test\resources
2018-07-29 13:29:46,703 [Worker-1] WARN  o.e.m.c.i.embedder.EclipseLogger - Using platform encoding (Cp1252 actually) to copy filtered resources, i.e. build is platform dependent!
2018-07-29 13:29:46,723 [Worker-1] INFO  o.e.m.c.i.embedder.EclipseLogger - Copying 0 resource
2018-07-29 13:29:46,725 [Worker-1] WARN  o.e.m.c.i.embedder.EclipseLogger - Using platform encoding (Cp1252 actually) to copy filtered resources, i.e. build is platform dependent!
2018-07-29 13:29:46,742 [Worker-1] INFO  o.e.m.c.i.embedder.EclipseLogger - skip non existing resourceDirectory C:\Users\mattstro\eclipse-workspace\gs-uploading-files\src\test\resources
2018-07-29 13:30:36,926 [Worker-1] INFO  o.e.m.c.i.l.LifecycleMappingFactory - Using org.eclipse.m2e.jdt.JarLifecycleMapping lifecycle mapping for MavenProject: org.springframework:gs-uploading-files:0.1.0 @ C:\Users\mattstro\eclipse-workspace\gs-uploading-files\pom.xml.
2018-07-29 13:30:39,318 [Worker-1] INFO  o.e.m.c.i.e.AbstractTransferListenerAdapter - Downloading https://repo.maven.apache.org/maven2/org/springframework/boot/spring-boot-starter-thymeleaf/2.0.3.RELEASE/spring-boot-starter-thymeleaf-2.0.3.RELEASE.pom
2018-07-29 13:30:39,428 [Worker-1] INFO  o.e.m.c.i.e.AbstractTransferListenerAdapter - Downloaded https://repo.maven.apache.org/maven2/org/springframework/boot/spring-boot-starter-thymeleaf/2.0.3.RELEASE/spring-boot-starter-thymeleaf-2.0.3.RELEASE.pom
2018-07-29 13:30:39,541 [Worker-1] INFO  o.e.m.c.i.e.AbstractTransferListenerAdapter - Downloading https://repo.maven.apache.org/maven2/org/thymeleaf/thymeleaf-spring5/3.0.9.RELEASE/thymeleaf-spring5-3.0.9.RELEASE.pom
2018-07-29 13:30:39,613 [Worker-1] INFO  o.e.m.c.i.e.AbstractTransferListenerAdapter - Downloaded https://repo.maven.apache.org/maven2/org/thymeleaf/thymeleaf-spring5/3.0.9.RELEASE/thymeleaf-spring5-3.0.9.RELEASE.pom
2018-07-29 13:30:39,707 [Worker-1] INFO  o.e.m.c.i.e.AbstractTransferListenerAdapter - Downloading https://repo.maven.apache.org/maven2/org/thymeleaf/thymeleaf/3.0.9.RELEASE/thymeleaf-3.0.9.RELEASE.pom
2018-07-29 13:30:39,763 [Worker-1] INFO  o.e.m.c.i.e.AbstractTransferListenerAdapter - Downloaded https://repo.maven.apache.org/maven2/org/thymeleaf/thymeleaf/3.0.9.RELEASE/thymeleaf-3.0.9.RELEASE.pom
2018-07-29 13:30:39,835 [Worker-1] INFO  o.e.m.c.i.e.AbstractTransferListenerAdapter - Downloading https://repo.maven.apache.org/maven2/org/attoparser/attoparser/2.0.4.RELEASE/attoparser-2.0.4.RELEASE.pom
2018-07-29 13:30:39,955 [Worker-1] INFO  o.e.m.c.i.e.AbstractTransferListenerAdapter - Downloaded https://repo.maven.apache.org/maven2/org/attoparser/attoparser/2.0.4.RELEASE/attoparser-2.0.4.RELEASE.pom
2018-07-29 13:30:40,022 [Worker-1] INFO  o.e.m.c.i.e.AbstractTransferListenerAdapter - Downloading https://repo.maven.apache.org/maven2/org/unbescape/unbescape/1.1.5.RELEASE/unbescape-1.1.5.RELEASE.pom
2018-07-29 13:30:40,077 [Worker-1] INFO  o.e.m.c.i.e.AbstractTransferListenerAdapter - Downloaded https://repo.maven.apache.org/maven2/org/unbescape/unbescape/1.1.5.RELEASE/unbescape-1.1.5.RELEASE.pom
2018-07-29 13:30:40,144 [Worker-1] INFO  o.e.m.c.i.e.AbstractTransferListenerAdapter - Downloading https://repo.maven.apache.org/maven2/org/thymeleaf/extras/thymeleaf-extras-java8time/3.0.1.RELEASE/thymeleaf-extras-java8time-3.0.1.RELEASE.pom
2018-07-29 13:30:40,201 [Worker-1] INFO  o.e.m.c.i.e.AbstractTransferListenerAdapter - Downloaded https://repo.maven.apache.org/maven2/org/thymeleaf/extras/thymeleaf-extras-java8time/3.0.1.RELEASE/thymeleaf-extras-java8time-3.0.1.RELEASE.pom
2018-07-29 13:30:40,272 [Worker-1] INFO  o.e.m.c.i.e.AbstractTransferListenerAdapter - Downloading https://repo.maven.apache.org/maven2/ognl/ognl/3.1.12/ognl-3.1.12.pom
2018-07-29 13:30:40,331 [Worker-1] INFO  o.e.m.c.i.e.AbstractTransferListenerAdapter - Downloaded https://repo.maven.apache.org/maven2/ognl/ognl/3.1.12/ognl-3.1.12.pom
2018-07-29 13:30:42,219 [Worker-1] INFO  o.e.m.c.i.e.AbstractTransferListenerAdapter - Downloading https://repo.maven.apache.org/maven2/org/springframework/boot/spring-boot-starter-thymeleaf/2.0.3.RELEASE/spring-boot-starter-thymeleaf-2.0.3.RELEASE.jar
2018-07-29 13:30:42,288 [Worker-1] INFO  o.e.m.c.i.e.AbstractTransferListenerAdapter - Downloaded https://repo.maven.apache.org/maven2/org/springframework/boot/spring-boot-starter-thymeleaf/2.0.3.RELEASE/spring-boot-starter-thymeleaf-2.0.3.RELEASE.jar
2018-07-29 13:30:42,309 [Worker-1] INFO  o.e.m.c.i.e.AbstractTransferListenerAdapter - Downloading https://repo.maven.apache.org/maven2/org/thymeleaf/thymeleaf-spring5/3.0.9.RELEASE/thymeleaf-spring5-3.0.9.RELEASE.jar
2018-07-29 13:30:42,447 [Worker-1] INFO  o.e.m.c.i.e.AbstractTransferListenerAdapter - Downloaded https://repo.maven.apache.org/maven2/org/thymeleaf/thymeleaf-spring5/3.0.9.RELEASE/thymeleaf-spring5-3.0.9.RELEASE.jar
2018-07-29 13:30:42,478 [Worker-1] INFO  o.e.m.c.i.e.AbstractTransferListenerAdapter - Downloading https://repo.maven.apache.org/maven2/org/thymeleaf/thymeleaf/3.0.9.RELEASE/thymeleaf-3.0.9.RELEASE.jar
2018-07-29 13:30:42,726 [Worker-1] INFO  o.e.m.c.i.e.AbstractTransferListenerAdapter - Downloaded https://repo.maven.apache.org/maven2/org/thymeleaf/thymeleaf/3.0.9.RELEASE/thymeleaf-3.0.9.RELEASE.jar
2018-07-29 13:30:42,750 [Worker-1] INFO  o.e.m.c.i.e.AbstractTransferListenerAdapter - Downloading https://repo.maven.apache.org/maven2/org/attoparser/attoparser/2.0.4.RELEASE/attoparser-2.0.4.RELEASE.jar
2018-07-29 13:30:42,857 [Worker-1] INFO  o.e.m.c.i.e.AbstractTransferListenerAdapter - Downloaded https://repo.maven.apache.org/maven2/org/attoparser/attoparser/2.0.4.RELEASE/attoparser-2.0.4.RELEASE.jar
2018-07-29 13:30:42,878 [Worker-1] INFO  o.e.m.c.i.e.AbstractTransferListenerAdapter - Downloading https://repo.maven.apache.org/maven2/org/unbescape/unbescape/1.1.5.RELEASE/unbescape-1.1.5.RELEASE.jar
2018-07-29 13:30:42,975 [Worker-1] INFO  o.e.m.c.i.e.AbstractTransferListenerAdapter - Downloaded https://repo.maven.apache.org/maven2/org/unbescape/unbescape/1.1.5.RELEASE/unbescape-1.1.5.RELEASE.jar
2018-07-29 13:30:43,001 [Worker-1] INFO  o.e.m.c.i.e.AbstractTransferListenerAdapter - Downloading https://repo.maven.apache.org/maven2/org/thymeleaf/extras/thymeleaf-extras-java8time/3.0.1.RELEASE/thymeleaf-extras-java8time-3.0.1.RELEASE.jar
2018-07-29 13:30:43,266 [Worker-1] INFO  o.e.m.c.i.e.AbstractTransferListenerAdapter - Downloaded https://repo.maven.apache.org/maven2/org/thymeleaf/extras/thymeleaf-extras-java8time/3.0.1.RELEASE/thymeleaf-extras-java8time-3.0.1.RELEASE.jar
2018-07-29 13:31:06,184 [Worker-1] INFO  o.e.m.c.i.embedder.EclipseLogger - Using 'UTF-8' encoding to copy filtered resources.
2018-07-29 13:31:06,197 [Worker-1] INFO  o.e.m.c.i.embedder.EclipseLogger - Copying 0 resource
2018-07-29 13:31:06,199 [Worker-1] INFO  o.e.m.c.i.embedder.EclipseLogger - Copying 0 resource
2018-07-29 13:31:06,207 [Worker-1] INFO  o.e.m.c.i.embedder.EclipseLogger - Using 'UTF-8' encoding to copy filtered resources.
2018-07-29 13:31:06,209 [Worker-1] INFO  o.e.m.c.i.embedder.EclipseLogger - skip non existing resourceDirectory C:\Users\mattstro\eclipse-workspace\gs-uploading-files\src\test\resources
2018-07-29 13:31:10,311 [Worker-6] INFO  o.e.m.c.i.embedder.EclipseLogger - Using 'UTF-8' encoding to copy filtered resources.
2018-07-29 13:31:10,314 [Worker-6] INFO  o.e.m.c.i.embedder.EclipseLogger - Copying 0 resource
2018-07-29 13:31:10,317 [Worker-6] INFO  o.e.m.c.i.embedder.EclipseLogger - Copying 0 resource
2018-07-29 13:31:10,322 [Worker-6] INFO  o.e.m.c.i.embedder.EclipseLogger - Using 'UTF-8' encoding to copy filtered resources.
2018-07-29 13:31:10,322 [Worker-6] INFO  o.e.m.c.i.embedder.EclipseLogger - skip non existing resourceDirectory C:\Users\mattstro\eclipse-workspace\gs-uploading-files\src\test\resources
2018-07-29 13:31:18,569 [Worker-15] INFO  o.e.m.c.i.embedder.EclipseLogger - Using 'UTF-8' encoding to copy filtered resources.
2018-07-29 13:31:18,571 [Worker-15] INFO  o.e.m.c.i.embedder.EclipseLogger - Copying 0 resource
2018-07-29 13:31:18,572 [Worker-15] INFO  o.e.m.c.i.embedder.EclipseLogger - Copying 0 resource
2018-07-29 13:31:18,577 [Worker-15] INFO  o.e.m.c.i.embedder.EclipseLogger - Using 'UTF-8' encoding to copy filtered resources.
2018-07-29 13:31:18,578 [Worker-15] INFO  o.e.m.c.i.embedder.EclipseLogger - skip non existing resourceDirectory C:\Users\mattstro\eclipse-workspace\gs-uploading-files\src\test\resources
2018-07-29 13:31:45,416 [Worker-3] INFO  o.e.m.c.i.embedder.EclipseLogger - Using 'UTF-8' encoding to copy filtered resources.
2018-07-29 13:31:45,421 [Worker-3] INFO  o.e.m.c.i.embedder.EclipseLogger - Copying 0 resource
2018-07-29 13:31:45,425 [Worker-3] INFO  o.e.m.c.i.embedder.EclipseLogger - Copying 0 resource
2018-07-29 13:31:45,446 [Worker-3] INFO  o.e.m.c.i.embedder.EclipseLogger - Using 'UTF-8' encoding to copy filtered resources.
2018-07-29 13:31:45,446 [Worker-3] INFO  o.e.m.c.i.embedder.EclipseLogger - skip non existing resourceDirectory C:\Users\mattstro\eclipse-workspace\gs-uploading-files\src\test\resources
2018-07-29 13:32:04,680 [Worker-15] INFO  o.e.m.c.i.embedder.EclipseLogger - Using 'UTF-8' encoding to copy filtered resources.
2018-07-29 13:32:04,682 [Worker-15] INFO  o.e.m.c.i.embedder.EclipseLogger - Copying 0 resource
2018-07-29 13:32:04,697 [Worker-15] INFO  o.e.m.c.i.embedder.EclipseLogger - Copying 0 resource
2018-07-29 13:32:04,705 [Worker-15] INFO  o.e.m.c.i.embedder.EclipseLogger - Using 'UTF-8' encoding to copy filtered resources.
2018-07-29 13:32:04,706 [Worker-15] INFO  o.e.m.c.i.embedder.EclipseLogger - skip non existing resourceDirectory C:\Users\mattstro\eclipse-workspace\gs-uploading-files\src\test\resources
2018-07-29 13:32:43,813 [Worker-0] INFO  o.e.m.c.i.embedder.EclipseLogger - Using 'UTF-8' encoding to copy filtered resources.
2018-07-29 13:32:43,816 [Worker-0] INFO  o.e.m.c.i.embedder.EclipseLogger - Copying 0 resource
2018-07-29 13:32:43,819 [Worker-0] INFO  o.e.m.c.i.embedder.EclipseLogger - Copying 0 resource
2018-07-29 13:32:43,825 [Worker-0] INFO  o.e.m.c.i.embedder.EclipseLogger - Using 'UTF-8' encoding to copy filtered resources.
2018-07-29 13:32:43,825 [Worker-0] INFO  o.e.m.c.i.embedder.EclipseLogger - skip non existing resourceDirectory C:\Users\mattstro\eclipse-workspace\gs-uploading-files\src\test\resources
2018-07-29 13:33:18,044 [Worker-7] INFO  o.e.m.c.i.embedder.EclipseLogger - Using 'UTF-8' encoding to copy filtered resources.
2018-07-29 13:33:18,045 [Worker-7] INFO  o.e.m.c.i.embedder.EclipseLogger - Copying 0 resource
2018-07-29 13:33:18,047 [Worker-7] INFO  o.e.m.c.i.embedder.EclipseLogger - Copying 0 resource
2018-07-29 13:33:18,053 [Worker-7] INFO  o.e.m.c.i.embedder.EclipseLogger - Using 'UTF-8' encoding to copy filtered resources.
2018-07-29 13:33:18,053 [Worker-7] INFO  o.e.m.c.i.embedder.EclipseLogger - skip non existing resourceDirectory C:\Users\mattstro\eclipse-workspace\gs-uploading-files\src\test\resources
2018-07-29 13:34:44,715 [Worker-7] INFO  o.e.m.c.i.embedder.EclipseLogger - Using 'UTF-8' encoding to copy filtered resources.
2018-07-29 13:34:44,717 [Worker-7] INFO  o.e.m.c.i.embedder.EclipseLogger - Copying 0 resource
2018-07-29 13:34:44,721 [Worker-7] INFO  o.e.m.c.i.embedder.EclipseLogger - Copying 0 resource
2018-07-29 13:34:44,732 [Worker-7] INFO  o.e.m.c.i.embedder.EclipseLogger - Using 'UTF-8' encoding to copy filtered resources.
2018-07-29 13:34:44,732 [Worker-7] INFO  o.e.m.c.i.embedder.EclipseLogger - skip non existing resourceDirectory C:\Users\mattstro\eclipse-workspace\gs-uploading-files\src\test\resources
2018-07-29 13:36:11,825 [Worker-11] INFO  o.e.m.c.i.embedder.EclipseLogger - Using 'UTF-8' encoding to copy filtered resources.
2018-07-29 13:36:11,827 [Worker-11] INFO  o.e.m.c.i.embedder.EclipseLogger - Copying 0 resource
2018-07-29 13:36:11,830 [Worker-11] INFO  o.e.m.c.i.embedder.EclipseLogger - Copying 0 resource
2018-07-29 13:36:11,838 [Worker-11] INFO  o.e.m.c.i.embedder.EclipseLogger - Using 'UTF-8' encoding to copy filtered resources.
2018-07-29 13:36:11,839 [Worker-11] INFO  o.e.m.c.i.embedder.EclipseLogger - skip non existing resourceDirectory C:\Users\mattstro\eclipse-workspace\gs-uploading-files\src\test\resources
2018-07-29 13:36:16,086 [Worker-17] INFO  o.e.m.c.i.embedder.EclipseLogger - Using 'UTF-8' encoding to copy filtered resources.
2018-07-29 13:36:16,090 [Worker-17] INFO  o.e.m.c.i.embedder.EclipseLogger - Copying 0 resource
2018-07-29 13:36:16,093 [Worker-17] INFO  o.e.m.c.i.embedder.EclipseLogger - Copying 0 resource
2018-07-29 13:36:16,100 [Worker-17] INFO  o.e.m.c.i.embedder.EclipseLogger - Using 'UTF-8' encoding to copy filtered resources.
2018-07-29 13:36:16,100 [Worker-17] INFO  o.e.m.c.i.embedder.EclipseLogger - skip non existing resourceDirectory C:\Users\mattstro\eclipse-workspace\gs-uploading-files\src\test\resources
2018-07-29 13:37:38,821 [Worker-17] INFO  o.e.m.c.i.embedder.EclipseLogger - Using 'UTF-8' encoding to copy filtered resources.
2018-07-29 13:37:38,823 [Worker-17] INFO  o.e.m.c.i.embedder.EclipseLogger - Copying 0 resource
2018-07-29 13:37:38,823 [Worker-17] INFO  o.e.m.c.i.embedder.EclipseLogger - Copying 0 resource
2018-07-29 13:37:38,827 [Worker-17] INFO  o.e.m.c.i.embedder.EclipseLogger - Using 'UTF-8' encoding to copy filtered resources.
2018-07-29 13:37:38,829 [Worker-17] INFO  o.e.m.c.i.embedder.EclipseLogger - skip non existing resourceDirectory C:\Users\mattstro\eclipse-workspace\gs-uploading-files\src\test\resources
2018-07-29 13:38:12,866 [Worker-7] INFO  o.e.m.c.i.embedder.EclipseLogger - Using 'UTF-8' encoding to copy filtered resources.
2018-07-29 13:38:12,868 [Worker-7] INFO  o.e.m.c.i.embedder.EclipseLogger - Copying 0 resource
2018-07-29 13:38:12,871 [Worker-7] INFO  o.e.m.c.i.embedder.EclipseLogger - Copying 0 resource
2018-07-29 13:38:12,878 [Worker-7] INFO  o.e.m.c.i.embedder.EclipseLogger - Using 'UTF-8' encoding to copy filtered resources.
2018-07-29 13:38:12,879 [Worker-7] INFO  o.e.m.c.i.embedder.EclipseLogger - skip non existing resourceDirectory C:\Users\mattstro\eclipse-workspace\gs-uploading-files\src\test\resources
2018-07-29 13:38:15,336 [Worker-7] INFO  o.e.m.c.i.embedder.EclipseLogger - Using 'UTF-8' encoding to copy filtered resources.
2018-07-29 13:38:15,337 [Worker-7] INFO  o.e.m.c.i.embedder.EclipseLogger - Copying 0 resource
2018-07-29 13:38:15,340 [Worker-7] INFO  o.e.m.c.i.embedder.EclipseLogger - Copying 0 resource
2018-07-29 13:38:15,346 [Worker-7] INFO  o.e.m.c.i.embedder.EclipseLogger - Using 'UTF-8' encoding to copy filtered resources.
2018-07-29 13:38:15,347 [Worker-7] INFO  o.e.m.c.i.embedder.EclipseLogger - skip non existing resourceDirectory C:\Users\mattstro\eclipse-workspace\gs-uploading-files\src\test\resources
2018-07-29 13:41:30,657 [Worker-16] INFO  o.e.m.c.i.p.ProjectConfigurationManager - Update started
2018-07-29 13:41:33,123 [Worker-16] INFO  o.e.m.c.i.l.LifecycleMappingFactory - Using org.eclipse.m2e.jdt.JarLifecycleMapping lifecycle mapping for MavenProject: org.springframework:gs-uploading-files:0.1.0 @ C:\Users\mattstro\eclipse-workspace\gs-uploading-files\pom.xml.
2018-07-29 13:41:35,728 [Worker-16] INFO  o.e.m.j.i.AbstractJavaProjectConfigurator - Adding source folder /gs-uploading-files/src/main/java
2018-07-29 13:41:35,730 [Worker-16] INFO  o.e.m.j.i.AbstractJavaProjectConfigurator - Adding resource folder /gs-uploading-files/src/main/resources
2018-07-29 13:41:35,759 [Worker-16] INFO  o.e.m.j.i.AbstractJavaProjectConfigurator - Adding resource folder /gs-uploading-files/src/main/resources
2018-07-29 13:41:35,761 [Worker-16] INFO  o.e.m.j.i.AbstractJavaProjectConfigurator - Adding source folder /gs-uploading-files/src/test/java
2018-07-29 13:41:37,018 [Worker-16] INFO  o.e.m.c.i.p.ProjectConfigurationManager - Update completed: 6 sec
2018-07-29 13:41:39,729 [Worker-19] INFO  o.e.m.c.i.embedder.EclipseLogger - Using 'UTF-8' encoding to copy filtered resources.
2018-07-29 13:41:39,732 [Worker-19] INFO  o.e.m.c.i.embedder.EclipseLogger - Copying 0 resource
2018-07-29 13:41:39,735 [Worker-19] INFO  o.e.m.c.i.embedder.EclipseLogger - Copying 0 resource
2018-07-29 13:41:39,742 [Worker-19] INFO  o.e.m.c.i.embedder.EclipseLogger - Using 'UTF-8' encoding to copy filtered resources.
2018-07-29 13:41:39,744 [Worker-19] INFO  o.e.m.c.i.embedder.EclipseLogger - skip non existing resourceDirectory C:\Users\mattstro\eclipse-workspace\gs-uploading-files\src\test\resources
2018-07-29 13:46:34,339 [Worker-19] INFO  o.e.m.c.i.l.LifecycleMappingFactory - Using org.eclipse.m2e.jdt.JarLifecycleMapping lifecycle mapping for MavenProject: org.springframework:gs-uploading-files:0.1.0 @ C:\Users\mattstro\eclipse-workspace\gs-uploading-files\pom.xml.
2018-07-29 13:46:34,499 [Worker-19] INFO  o.e.m.c.i.e.AbstractTransferListenerAdapter - Downloading https://repo.maven.apache.org/maven2/org/springframework/spring-core/5.0.8.RELEASE/spring-core-5.0.8.RELEASE.pom
2018-07-29 13:46:34,607 [Worker-19] INFO  o.e.m.c.i.e.AbstractTransferListenerAdapter - Downloaded https://repo.maven.apache.org/maven2/org/springframework/spring-core/5.0.8.RELEASE/spring-core-5.0.8.RELEASE.pom
2018-07-29 13:46:36,153 [Worker-19] INFO  o.e.m.c.i.e.AbstractTransferListenerAdapter - Downloading https://repo.maven.apache.org/maven2/org/springframework/spring-core/5.0.8.RELEASE/spring-core-5.0.8.RELEASE.jar
2018-07-29 13:46:36,480 [Worker-19] INFO  o.e.m.c.i.e.AbstractTransferListenerAdapter - Downloaded https://repo.maven.apache.org/maven2/org/springframework/spring-core/5.0.8.RELEASE/spring-core-5.0.8.RELEASE.jar
2018-07-29 13:46:37,852 [Worker-19] INFO  o.e.m.c.i.embedder.EclipseLogger - Using 'UTF-8' encoding to copy filtered resources.
2018-07-29 13:46:37,860 [Worker-19] INFO  o.e.m.c.i.embedder.EclipseLogger - Copying 0 resource
2018-07-29 13:46:37,863 [Worker-19] INFO  o.e.m.c.i.embedder.EclipseLogger - Copying 0 resource
2018-07-29 13:46:37,868 [Worker-19] INFO  o.e.m.c.i.embedder.EclipseLogger - Using 'UTF-8' encoding to copy filtered resources.
2018-07-29 13:46:37,870 [Worker-19] INFO  o.e.m.c.i.embedder.EclipseLogger - skip non existing resourceDirectory C:\Users\mattstro\eclipse-workspace\gs-uploading-files\src\test\resources
2018-07-29 13:46:41,810 [Worker-19] INFO  o.e.m.c.i.embedder.EclipseLogger - Using 'UTF-8' encoding to copy filtered resources.
2018-07-29 13:46:41,817 [Worker-19] INFO  o.e.m.c.i.embedder.EclipseLogger - Copying 0 resource
2018-07-29 13:46:41,820 [Worker-19] INFO  o.e.m.c.i.embedder.EclipseLogger - Copying 0 resource
2018-07-29 13:46:41,824 [Worker-19] INFO  o.e.m.c.i.embedder.EclipseLogger - Using 'UTF-8' encoding to copy filtered resources.
2018-07-29 13:46:41,825 [Worker-19] INFO  o.e.m.c.i.embedder.EclipseLogger - skip non existing resourceDirectory C:\Users\mattstro\eclipse-workspace\gs-uploading-files\src\test\resources
2018-07-29 13:46:49,610 [Worker-25] INFO  o.e.m.c.i.l.LifecycleMappingFactory - Using org.eclipse.m2e.jdt.JarLifecycleMapping lifecycle mapping for MavenProject: org.springframework:gs-uploading-files:0.1.0 @ C:\Users\mattstro\eclipse-workspace\gs-uploading-files\pom.xml.
2018-07-29 13:46:51,321 [Worker-25] INFO  o.e.m.c.i.embedder.EclipseLogger - Using 'UTF-8' encoding to copy filtered resources.
2018-07-29 13:46:51,329 [Worker-25] INFO  o.e.m.c.i.embedder.EclipseLogger - Copying 0 resource
2018-07-29 13:46:51,332 [Worker-25] INFO  o.e.m.c.i.embedder.EclipseLogger - Copying 0 resource
2018-07-29 13:46:51,338 [Worker-25] INFO  o.e.m.c.i.embedder.EclipseLogger - Using 'UTF-8' encoding to copy filtered resources.
2018-07-29 13:46:51,339 [Worker-25] INFO  o.e.m.c.i.embedder.EclipseLogger - skip non existing resourceDirectory C:\Users\mattstro\eclipse-workspace\gs-uploading-files\src\test\resources
2018-07-29 13:46:54,954 [Worker-19] INFO  o.e.m.c.i.embedder.EclipseLogger - Using 'UTF-8' encoding to copy filtered resources.
2018-07-29 13:46:54,955 [Worker-19] INFO  o.e.m.c.i.embedder.EclipseLogger - Copying 0 resource
2018-07-29 13:46:54,957 [Worker-19] INFO  o.e.m.c.i.embedder.EclipseLogger - Copying 0 resource
2018-07-29 13:46:54,961 [Worker-19] INFO  o.e.m.c.i.embedder.EclipseLogger - Using 'UTF-8' encoding to copy filtered resources.
2018-07-29 13:46:54,963 [Worker-19] INFO  o.e.m.c.i.embedder.EclipseLogger - skip non existing resourceDirectory C:\Users\mattstro\eclipse-workspace\gs-uploading-files\src\test\resources
2018-07-29 13:47:16,138 [Worker-25] INFO  o.e.m.c.i.p.ProjectConfigurationManager - Update started
2018-07-29 13:47:17,707 [Worker-25] INFO  o.e.m.c.i.l.LifecycleMappingFactory - Using org.eclipse.m2e.jdt.JarLifecycleMapping lifecycle mapping for MavenProject: org.springframework:gs-uploading-files:0.1.0 @ C:\Users\mattstro\eclipse-workspace\gs-uploading-files\pom.xml.
2018-07-29 13:47:19,563 [Worker-25] INFO  o.e.m.j.i.AbstractJavaProjectConfigurator - Adding source folder /gs-uploading-files/src/main/java
2018-07-29 13:47:19,565 [Worker-25] INFO  o.e.m.j.i.AbstractJavaProjectConfigurator - Adding resource folder /gs-uploading-files/src/main/resources
2018-07-29 13:47:19,568 [Worker-25] INFO  o.e.m.j.i.AbstractJavaProjectConfigurator - Adding resource folder /gs-uploading-files/src/main/resources
2018-07-29 13:47:19,570 [Worker-25] INFO  o.e.m.j.i.AbstractJavaProjectConfigurator - Adding source folder /gs-uploading-files/src/test/java
2018-07-29 13:47:20,176 [Worker-25] INFO  o.e.m.c.i.p.ProjectConfigurationManager - Update completed: 4 sec
2018-07-29 13:47:22,357 [Worker-17] INFO  o.e.m.c.i.embedder.EclipseLogger - Using 'UTF-8' encoding to copy filtered resources.
2018-07-29 13:47:22,359 [Worker-17] INFO  o.e.m.c.i.embedder.EclipseLogger - Copying 0 resource
2018-07-29 13:47:22,361 [Worker-17] INFO  o.e.m.c.i.embedder.EclipseLogger - Copying 0 resource
2018-07-29 13:47:22,365 [Worker-17] INFO  o.e.m.c.i.embedder.EclipseLogger - Using 'UTF-8' encoding to copy filtered resources.
2018-07-29 13:47:22,366 [Worker-17] INFO  o.e.m.c.i.embedder.EclipseLogger - skip non existing resourceDirectory C:\Users\mattstro\eclipse-workspace\gs-uploading-files\src\test\resources
2018-07-29 13:47:59,135 [Worker-23] INFO  o.e.m.c.i.embedder.EclipseLogger - Using 'UTF-8' encoding to copy filtered resources.
2018-07-29 13:47:59,142 [Worker-23] INFO  o.e.m.c.i.embedder.EclipseLogger - Copying 0 resource
2018-07-29 13:47:59,145 [Worker-23] INFO  o.e.m.c.i.embedder.EclipseLogger - Copying 0 resource
2018-07-29 13:47:59,149 [Worker-23] INFO  o.e.m.c.i.embedder.EclipseLogger - Using 'UTF-8' encoding to copy filtered resources.
2018-07-29 13:47:59,149 [Worker-23] INFO  o.e.m.c.i.embedder.EclipseLogger - skip non existing resourceDirectory C:\Users\mattstro\eclipse-workspace\gs-uploading-files\src\test\resources
2018-07-29 13:49:28,886 [Worker-19] INFO  o.e.m.c.i.l.LifecycleMappingFactory - Using org.eclipse.m2e.jdt.JarLifecycleMapping lifecycle mapping for MavenProject: org.springframework:gs-uploading-files:0.1.0 @ C:\Users\mattstro\eclipse-workspace\gs-uploading-files\pom.xml.
2018-07-29 13:49:32,377 [Worker-19] INFO  o.e.m.c.i.embedder.EclipseLogger - Using 'UTF-8' encoding to copy filtered resources.
2018-07-29 13:49:32,386 [Worker-19] INFO  o.e.m.c.i.embedder.EclipseLogger - Copying 0 resource
2018-07-29 13:49:32,389 [Worker-19] INFO  o.e.m.c.i.embedder.EclipseLogger - Copying 0 resource
2018-07-29 13:49:32,396 [Worker-19] INFO  o.e.m.c.i.embedder.EclipseLogger - Using 'UTF-8' encoding to copy filtered resources.
2018-07-29 13:49:32,397 [Worker-19] INFO  o.e.m.c.i.embedder.EclipseLogger - skip non existing resourceDirectory C:\Users\mattstro\eclipse-workspace\gs-uploading-files\src\test\resources
2018-07-29 13:49:34,907 [Worker-21] INFO  o.e.m.c.i.p.ProjectConfigurationManager - Update started
2018-07-29 13:49:36,831 [Worker-21] INFO  o.e.m.c.i.l.LifecycleMappingFactory - Using org.eclipse.m2e.jdt.JarLifecycleMapping lifecycle mapping for MavenProject: org.springframework:gs-uploading-files:0.1.0 @ C:\Users\mattstro\eclipse-workspace\gs-uploading-files\pom.xml.
2018-07-29 13:49:39,459 [Worker-21] INFO  o.e.m.j.i.AbstractJavaProjectConfigurator - Adding source folder /gs-uploading-files/src/main/java
2018-07-29 13:49:39,460 [Worker-21] INFO  o.e.m.j.i.AbstractJavaProjectConfigurator - Adding resource folder /gs-uploading-files/src/main/resources
2018-07-29 13:49:39,461 [Worker-21] INFO  o.e.m.j.i.AbstractJavaProjectConfigurator - Adding resource folder /gs-uploading-files/src/main/resources
2018-07-29 13:49:39,462 [Worker-21] INFO  o.e.m.j.i.AbstractJavaProjectConfigurator - Adding source folder /gs-uploading-files/src/test/java
2018-07-29 13:49:40,995 [Worker-21] INFO  o.e.m.c.i.p.ProjectConfigurationManager - Update completed: 6 sec
2018-07-29 13:49:43,474 [Worker-18] INFO  o.e.m.c.i.embedder.EclipseLogger - Using 'UTF-8' encoding to copy filtered resources.
2018-07-29 13:49:43,478 [Worker-18] INFO  o.e.m.c.i.embedder.EclipseLogger - Copying 0 resource
2018-07-29 13:49:43,480 [Worker-18] INFO  o.e.m.c.i.embedder.EclipseLogger - Copying 0 resource
2018-07-29 13:49:43,486 [Worker-18] INFO  o.e.m.c.i.embedder.EclipseLogger - Using 'UTF-8' encoding to copy filtered resources.
2018-07-29 13:49:43,486 [Worker-18] INFO  o.e.m.c.i.embedder.EclipseLogger - skip non existing resourceDirectory C:\Users\mattstro\eclipse-workspace\gs-uploading-files\src\test\resources
2018-07-29 13:50:32,011 [Worker-18] INFO  o.e.m.c.i.embedder.EclipseLogger - Using 'UTF-8' encoding to copy filtered resources.
2018-07-29 13:50:32,019 [Worker-18] INFO  o.e.m.c.i.embedder.EclipseLogger - Copying 0 resource
2018-07-29 13:50:32,021 [Worker-18] INFO  o.e.m.c.i.embedder.EclipseLogger - Copying 0 resource
2018-07-29 13:50:32,024 [Worker-18] INFO  o.e.m.c.i.embedder.EclipseLogger - Using 'UTF-8' encoding to copy filtered resources.
2018-07-29 13:50:32,026 [Worker-18] INFO  o.e.m.c.i.embedder.EclipseLogger - skip non existing resourceDirectory C:\Users\mattstro\eclipse-workspace\gs-uploading-files\src\test\resources
2018-07-29 13:51:18,984 [Worker-17] INFO  o.e.m.c.i.embedder.EclipseLogger - Using 'UTF-8' encoding to copy filtered resources.
2018-07-29 13:51:18,987 [Worker-17] INFO  o.e.m.c.i.embedder.EclipseLogger - Copying 0 resource
2018-07-29 13:51:18,990 [Worker-17] INFO  o.e.m.c.i.embedder.EclipseLogger - Copying 0 resource
2018-07-29 13:51:18,995 [Worker-17] INFO  o.e.m.c.i.embedder.EclipseLogger - Using 'UTF-8' encoding to copy filtered resources.
2018-07-29 13:51:18,995 [Worker-17] INFO  o.e.m.c.i.embedder.EclipseLogger - skip non existing resourceDirectory C:\Users\mattstro\eclipse-workspace\gs-uploading-files\src\test\resources
2018-07-29 13:51:34,596 [Worker-23] INFO  o.e.m.c.i.e.AbstractTransferListenerAdapter - Downloading https://repo.maven.apache.org/maven2/org/springframework/boot/spring-boot-starter-parent/2.0.2.RELEASE/spring-boot-starter-parent-2.0.2.RELEASE.pom
2018-07-29 13:51:34,718 [Worker-23] INFO  o.e.m.c.i.e.AbstractTransferListenerAdapter - Downloaded https://repo.maven.apache.org/maven2/org/springframework/boot/spring-boot-starter-parent/2.0.2.RELEASE/spring-boot-starter-parent-2.0.2.RELEASE.pom
2018-07-29 13:51:34,778 [Worker-23] INFO  o.e.m.c.i.e.AbstractTransferListenerAdapter - Downloading https://repo.maven.apache.org/maven2/org/springframework/boot/spring-boot-dependencies/2.0.2.RELEASE/spring-boot-dependencies-2.0.2.RELEASE.pom
2018-07-29 13:51:34,890 [Worker-23] INFO  o.e.m.c.i.e.AbstractTransferListenerAdapter - Downloaded https://repo.maven.apache.org/maven2/org/springframework/boot/spring-boot-dependencies/2.0.2.RELEASE/spring-boot-dependencies-2.0.2.RELEASE.pom
2018-07-29 13:51:35,120 [Worker-23] INFO  o.e.m.c.i.e.AbstractTransferListenerAdapter - Downloading https://repo.maven.apache.org/maven2/org/eclipse/jetty/jetty-bom/9.4.10.v20180503/jetty-bom-9.4.10.v20180503.pom
2018-07-29 13:51:35,168 [Worker-23] INFO  o.e.m.c.i.e.AbstractTransferListenerAdapter - Downloaded https://repo.maven.apache.org/maven2/org/eclipse/jetty/jetty-bom/9.4.10.v20180503/jetty-bom-9.4.10.v20180503.pom
2018-07-29 13:51:35,233 [Worker-23] INFO  o.e.m.c.i.e.AbstractTransferListenerAdapter - Downloading https://repo.maven.apache.org/maven2/org/springframework/spring-framework-bom/5.0.6.RELEASE/spring-framework-bom-5.0.6.RELEASE.pom
2018-07-29 13:51:35,285 [Worker-23] INFO  o.e.m.c.i.e.AbstractTransferListenerAdapter - Downloaded https://repo.maven.apache.org/maven2/org/springframework/spring-framework-bom/5.0.6.RELEASE/spring-framework-bom-5.0.6.RELEASE.pom
2018-07-29 13:51:35,357 [Worker-23] INFO  o.e.m.c.i.e.AbstractTransferListenerAdapter - Downloading https://repo.maven.apache.org/maven2/org/springframework/data/spring-data-releasetrain/Kay-SR7/spring-data-releasetrain-Kay-SR7.pom
2018-07-29 13:51:35,409 [Worker-23] INFO  o.e.m.c.i.e.AbstractTransferListenerAdapter - Downloaded https://repo.maven.apache.org/maven2/org/springframework/data/spring-data-releasetrain/Kay-SR7/spring-data-releasetrain-Kay-SR7.pom
2018-07-29 13:51:35,481 [Worker-23] INFO  o.e.m.c.i.e.AbstractTransferListenerAdapter - Downloading https://repo.maven.apache.org/maven2/org/springframework/data/build/spring-data-build/2.0.7.RELEASE/spring-data-build-2.0.7.RELEASE.pom
2018-07-29 13:51:35,551 [Worker-23] INFO  o.e.m.c.i.e.AbstractTransferListenerAdapter - Downloaded https://repo.maven.apache.org/maven2/org/springframework/data/build/spring-data-build/2.0.7.RELEASE/spring-data-build-2.0.7.RELEASE.pom
2018-07-29 13:51:35,723 [Worker-23] INFO  o.e.m.c.i.e.AbstractTransferListenerAdapter - Downloading https://repo.maven.apache.org/maven2/org/springframework/integration/spring-integration-bom/5.0.5.RELEASE/spring-integration-bom-5.0.5.RELEASE.pom
2018-07-29 13:51:35,824 [Worker-23] INFO  o.e.m.c.i.e.AbstractTransferListenerAdapter - Downloaded https://repo.maven.apache.org/maven2/org/springframework/integration/spring-integration-bom/5.0.5.RELEASE/spring-integration-bom-5.0.5.RELEASE.pom
2018-07-29 13:51:35,884 [Worker-23] INFO  o.e.m.c.i.e.AbstractTransferListenerAdapter - Downloading https://repo.maven.apache.org/maven2/org/springframework/security/spring-security-bom/5.0.5.RELEASE/spring-security-bom-5.0.5.RELEASE.pom
2018-07-29 13:51:35,934 [Worker-23] INFO  o.e.m.c.i.e.AbstractTransferListenerAdapter - Downloaded https://repo.maven.apache.org/maven2/org/springframework/security/spring-security-bom/5.0.5.RELEASE/spring-security-bom-5.0.5.RELEASE.pom
2018-07-29 13:51:36,005 [Worker-23] INFO  o.e.m.c.i.e.AbstractTransferListenerAdapter - Downloading https://repo.maven.apache.org/maven2/org/springframework/session/spring-session-bom/Apple-SR2/spring-session-bom-Apple-SR2.pom
2018-07-29 13:51:36,060 [Worker-23] INFO  o.e.m.c.i.e.AbstractTransferListenerAdapter - Downloaded https://repo.maven.apache.org/maven2/org/springframework/session/spring-session-bom/Apple-SR2/spring-session-bom-Apple-SR2.pom
2018-07-29 13:51:36,677 [Worker-23] INFO  o.e.m.c.i.e.AbstractTransferListenerAdapter - Downloading https://repo.maven.apache.org/maven2/org/springframework/boot/spring-boot-maven-plugin/2.0.2.RELEASE/spring-boot-maven-plugin-2.0.2.RELEASE.pom
2018-07-29 13:51:36,729 [Worker-23] INFO  o.e.m.c.i.e.AbstractTransferListenerAdapter - Downloaded https://repo.maven.apache.org/maven2/org/springframework/boot/spring-boot-maven-plugin/2.0.2.RELEASE/spring-boot-maven-plugin-2.0.2.RELEASE.pom
2018-07-29 13:51:36,785 [Worker-23] INFO  o.e.m.c.i.e.AbstractTransferListenerAdapter - Downloading https://repo.maven.apache.org/maven2/org/springframework/boot/spring-boot-tools/2.0.2.RELEASE/spring-boot-tools-2.0.2.RELEASE.pom
2018-07-29 13:51:36,832 [Worker-23] INFO  o.e.m.c.i.e.AbstractTransferListenerAdapter - Downloaded https://repo.maven.apache.org/maven2/org/springframework/boot/spring-boot-tools/2.0.2.RELEASE/spring-boot-tools-2.0.2.RELEASE.pom
2018-07-29 13:51:36,884 [Worker-23] INFO  o.e.m.c.i.e.AbstractTransferListenerAdapter - Downloading https://repo.maven.apache.org/maven2/org/springframework/boot/spring-boot-parent/2.0.2.RELEASE/spring-boot-parent-2.0.2.RELEASE.pom
2018-07-29 13:51:36,930 [Worker-23] INFO  o.e.m.c.i.e.AbstractTransferListenerAdapter - Downloaded https://repo.maven.apache.org/maven2/org/springframework/boot/spring-boot-parent/2.0.2.RELEASE/spring-boot-parent-2.0.2.RELEASE.pom
2018-07-29 13:51:37,111 [Worker-23] INFO  o.e.m.c.i.e.AbstractTransferListenerAdapter - Downloading https://repo.maven.apache.org/maven2/org/springframework/boot/spring-boot-maven-plugin/2.0.2.RELEASE/spring-boot-maven-plugin-2.0.2.RELEASE.jar
2018-07-29 13:51:37,220 [Worker-23] INFO  o.e.m.c.i.e.AbstractTransferListenerAdapter - Downloaded https://repo.maven.apache.org/maven2/org/springframework/boot/spring-boot-maven-plugin/2.0.2.RELEASE/spring-boot-maven-plugin-2.0.2.RELEASE.jar
2018-07-29 13:51:38,889 [Worker-23] INFO  o.e.m.c.i.l.LifecycleMappingFactory - Using org.eclipse.m2e.jdt.JarLifecycleMapping lifecycle mapping for MavenProject: org.springframework:gs-uploading-files:0.1.0 @ C:\Users\mattstro\eclipse-workspace\gs-uploading-files\pom.xml.
2018-07-29 13:51:38,916 [Worker-23] INFO  o.e.m.c.i.e.AbstractTransferListenerAdapter - Downloading https://repo.maven.apache.org/maven2/org/springframework/boot/spring-boot-starter-web/2.0.2.RELEASE/spring-boot-starter-web-2.0.2.RELEASE.pom
2018-07-29 13:51:38,965 [Worker-23] INFO  o.e.m.c.i.e.AbstractTransferListenerAdapter - Downloaded https://repo.maven.apache.org/maven2/org/springframework/boot/spring-boot-starter-web/2.0.2.RELEASE/spring-boot-starter-web-2.0.2.RELEASE.pom
2018-07-29 13:51:39,035 [Worker-23] INFO  o.e.m.c.i.e.AbstractTransferListenerAdapter - Downloading https://repo.maven.apache.org/maven2/org/springframework/boot/spring-boot-starters/2.0.2.RELEASE/spring-boot-starters-2.0.2.RELEASE.pom
2018-07-29 13:51:39,115 [Worker-23] INFO  o.e.m.c.i.e.AbstractTransferListenerAdapter - Downloaded https://repo.maven.apache.org/maven2/org/springframework/boot/spring-boot-starters/2.0.2.RELEASE/spring-boot-starters-2.0.2.RELEASE.pom
2018-07-29 13:51:39,269 [Worker-23] INFO  o.e.m.c.i.e.AbstractTransferListenerAdapter - Downloading https://repo.maven.apache.org/maven2/org/springframework/boot/spring-boot-starter/2.0.2.RELEASE/spring-boot-starter-2.0.2.RELEASE.pom
2018-07-29 13:51:39,359 [Worker-23] INFO  o.e.m.c.i.e.AbstractTransferListenerAdapter - Downloaded https://repo.maven.apache.org/maven2/org/springframework/boot/spring-boot-starter/2.0.2.RELEASE/spring-boot-starter-2.0.2.RELEASE.pom
2018-07-29 13:51:39,474 [Worker-23] INFO  o.e.m.c.i.e.AbstractTransferListenerAdapter - Downloading https://repo.maven.apache.org/maven2/org/springframework/boot/spring-boot/2.0.2.RELEASE/spring-boot-2.0.2.RELEASE.pom
2018-07-29 13:51:39,531 [Worker-23] INFO  o.e.m.c.i.e.AbstractTransferListenerAdapter - Downloaded https://repo.maven.apache.org/maven2/org/springframework/boot/spring-boot/2.0.2.RELEASE/spring-boot-2.0.2.RELEASE.pom
2018-07-29 13:51:39,814 [Worker-23] INFO  o.e.m.c.i.e.AbstractTransferListenerAdapter - Downloading https://repo.maven.apache.org/maven2/org/springframework/boot/spring-boot-autoconfigure/2.0.2.RELEASE/spring-boot-autoconfigure-2.0.2.RELEASE.pom
2018-07-29 13:51:39,888 [Worker-23] INFO  o.e.m.c.i.e.AbstractTransferListenerAdapter - Downloaded https://repo.maven.apache.org/maven2/org/springframework/boot/spring-boot-autoconfigure/2.0.2.RELEASE/spring-boot-autoconfigure-2.0.2.RELEASE.pom
2018-07-29 13:51:39,965 [Worker-23] INFO  o.e.m.c.i.e.AbstractTransferListenerAdapter - Downloading https://repo.maven.apache.org/maven2/org/springframework/boot/spring-boot-starter-logging/2.0.2.RELEASE/spring-boot-starter-logging-2.0.2.RELEASE.pom
2018-07-29 13:51:40,010 [Worker-23] INFO  o.e.m.c.i.e.AbstractTransferListenerAdapter - Downloaded https://repo.maven.apache.org/maven2/org/springframework/boot/spring-boot-starter-logging/2.0.2.RELEASE/spring-boot-starter-logging-2.0.2.RELEASE.pom
2018-07-29 13:51:40,170 [Worker-23] INFO  o.e.m.c.i.e.AbstractTransferListenerAdapter - Downloading https://repo.maven.apache.org/maven2/org/springframework/boot/spring-boot-starter-json/2.0.2.RELEASE/spring-boot-starter-json-2.0.2.RELEASE.pom
2018-07-29 13:51:40,222 [Worker-23] INFO  o.e.m.c.i.e.AbstractTransferListenerAdapter - Downloaded https://repo.maven.apache.org/maven2/org/springframework/boot/spring-boot-starter-json/2.0.2.RELEASE/spring-boot-starter-json-2.0.2.RELEASE.pom
2018-07-29 13:51:40,464 [Worker-23] INFO  o.e.m.c.i.e.AbstractTransferListenerAdapter - Downloading https://repo.maven.apache.org/maven2/org/springframework/boot/spring-boot-starter-tomcat/2.0.2.RELEASE/spring-boot-starter-tomcat-2.0.2.RELEASE.pom
2018-07-29 13:51:40,515 [Worker-23] INFO  o.e.m.c.i.e.AbstractTransferListenerAdapter - Downloaded https://repo.maven.apache.org/maven2/org/springframework/boot/spring-boot-starter-tomcat/2.0.2.RELEASE/spring-boot-starter-tomcat-2.0.2.RELEASE.pom
2018-07-29 13:51:40,729 [Worker-23] INFO  o.e.m.c.i.e.AbstractTransferListenerAdapter - Downloading https://repo.maven.apache.org/maven2/org/springframework/boot/spring-boot-starter-thymeleaf/2.0.2.RELEASE/spring-boot-starter-thymeleaf-2.0.2.RELEASE.pom
2018-07-29 13:51:40,789 [Worker-23] INFO  o.e.m.c.i.e.AbstractTransferListenerAdapter - Downloaded https://repo.maven.apache.org/maven2/org/springframework/boot/spring-boot-starter-thymeleaf/2.0.2.RELEASE/spring-boot-starter-thymeleaf-2.0.2.RELEASE.pom
2018-07-29 13:51:40,898 [Worker-23] INFO  o.e.m.c.i.e.AbstractTransferListenerAdapter - Downloading https://repo.maven.apache.org/maven2/org/springframework/boot/spring-boot-starter-test/2.0.2.RELEASE/spring-boot-starter-test-2.0.2.RELEASE.pom
2018-07-29 13:51:40,958 [Worker-23] INFO  o.e.m.c.i.e.AbstractTransferListenerAdapter - Downloaded https://repo.maven.apache.org/maven2/org/springframework/boot/spring-boot-starter-test/2.0.2.RELEASE/spring-boot-starter-test-2.0.2.RELEASE.pom
2018-07-29 13:51:41,049 [Worker-23] INFO  o.e.m.c.i.e.AbstractTransferListenerAdapter - Downloading https://repo.maven.apache.org/maven2/org/springframework/boot/spring-boot-test/2.0.2.RELEASE/spring-boot-test-2.0.2.RELEASE.pom
2018-07-29 13:51:41,138 [Worker-23] INFO  o.e.m.c.i.e.AbstractTransferListenerAdapter - Downloaded https://repo.maven.apache.org/maven2/org/springframework/boot/spring-boot-test/2.0.2.RELEASE/spring-boot-test-2.0.2.RELEASE.pom
2018-07-29 13:51:41,220 [Worker-23] INFO  o.e.m.c.i.e.AbstractTransferListenerAdapter - Downloading https://repo.maven.apache.org/maven2/org/springframework/boot/spring-boot-test-autoconfigure/2.0.2.RELEASE/spring-boot-test-autoconfigure-2.0.2.RELEASE.pom
2018-07-29 13:51:41,282 [Worker-23] INFO  o.e.m.c.i.e.AbstractTransferListenerAdapter - Downloaded https://repo.maven.apache.org/maven2/org/springframework/boot/spring-boot-test-autoconfigure/2.0.2.RELEASE/spring-boot-test-autoconfigure-2.0.2.RELEASE.pom
2018-07-29 13:51:41,470 [Worker-23] INFO  o.e.m.c.i.e.AbstractTransferListenerAdapter - Downloading https://repo.maven.apache.org/maven2/org/springframework/spring-test/5.0.6.RELEASE/spring-test-5.0.6.RELEASE.pom
2018-07-29 13:51:41,544 [Worker-23] INFO  o.e.m.c.i.e.AbstractTransferListenerAdapter - Downloaded https://repo.maven.apache.org/maven2/org/springframework/spring-test/5.0.6.RELEASE/spring-test-5.0.6.RELEASE.pom
2018-07-29 13:51:41,797 [Worker-23] INFO  o.e.m.c.i.e.AbstractTransferListenerAdapter - Downloading https://repo.maven.apache.org/maven2/org/springframework/boot/spring-boot-starter-web/2.0.2.RELEASE/spring-boot-starter-web-2.0.2.RELEASE.jar
2018-07-29 13:51:41,850 [Worker-23] INFO  o.e.m.c.i.e.AbstractTransferListenerAdapter - Downloaded https://repo.maven.apache.org/maven2/org/springframework/boot/spring-boot-starter-web/2.0.2.RELEASE/spring-boot-starter-web-2.0.2.RELEASE.jar
2018-07-29 13:51:41,866 [Worker-23] INFO  o.e.m.c.i.e.AbstractTransferListenerAdapter - Downloading https://repo.maven.apache.org/maven2/org/springframework/boot/spring-boot-starter/2.0.2.RELEASE/spring-boot-starter-2.0.2.RELEASE.jar
2018-07-29 13:51:45,406 [Worker-23] INFO  o.e.m.c.i.e.AbstractTransferListenerAdapter - Downloaded https://repo.maven.apache.org/maven2/org/springframework/boot/spring-boot-starter/2.0.2.RELEASE/spring-boot-starter-2.0.2.RELEASE.jar
2018-07-29 13:51:45,430 [Worker-23] INFO  o.e.m.c.i.e.AbstractTransferListenerAdapter - Downloading https://repo.maven.apache.org/maven2/org/springframework/boot/spring-boot/2.0.2.RELEASE/spring-boot-2.0.2.RELEASE.jar
2018-07-29 13:51:45,784 [Worker-23] INFO  o.e.m.c.i.e.AbstractTransferListenerAdapter - Downloaded https://repo.maven.apache.org/maven2/org/springframework/boot/spring-boot/2.0.2.RELEASE/spring-boot-2.0.2.RELEASE.jar
2018-07-29 13:51:45,809 [Worker-23] INFO  o.e.m.c.i.e.AbstractTransferListenerAdapter - Downloading https://repo.maven.apache.org/maven2/org/springframework/boot/spring-boot-autoconfigure/2.0.2.RELEASE/spring-boot-autoconfigure-2.0.2.RELEASE.jar
2018-07-29 13:51:46,200 [Worker-23] INFO  o.e.m.c.i.e.AbstractTransferListenerAdapter - Downloaded https://repo.maven.apache.org/maven2/org/springframework/boot/spring-boot-autoconfigure/2.0.2.RELEASE/spring-boot-autoconfigure-2.0.2.RELEASE.jar
2018-07-29 13:51:46,217 [Worker-23] INFO  o.e.m.c.i.e.AbstractTransferListenerAdapter - Downloading https://repo.maven.apache.org/maven2/org/springframework/boot/spring-boot-starter-logging/2.0.2.RELEASE/spring-boot-starter-logging-2.0.2.RELEASE.jar
2018-07-29 13:51:46,480 [Worker-23] INFO  o.e.m.c.i.e.AbstractTransferListenerAdapter - Downloaded https://repo.maven.apache.org/maven2/org/springframework/boot/spring-boot-starter-logging/2.0.2.RELEASE/spring-boot-starter-logging-2.0.2.RELEASE.jar
2018-07-29 13:51:46,496 [Worker-23] INFO  o.e.m.c.i.e.AbstractTransferListenerAdapter - Downloading https://repo.maven.apache.org/maven2/org/springframework/boot/spring-boot-starter-json/2.0.2.RELEASE/spring-boot-starter-json-2.0.2.RELEASE.jar
2018-07-29 13:51:46,551 [Worker-23] INFO  o.e.m.c.i.e.AbstractTransferListenerAdapter - Downloaded https://repo.maven.apache.org/maven2/org/springframework/boot/spring-boot-starter-json/2.0.2.RELEASE/spring-boot-starter-json-2.0.2.RELEASE.jar
2018-07-29 13:51:46,568 [Worker-23] INFO  o.e.m.c.i.e.AbstractTransferListenerAdapter - Downloading https://repo.maven.apache.org/maven2/org/springframework/boot/spring-boot-starter-tomcat/2.0.2.RELEASE/spring-boot-starter-tomcat-2.0.2.RELEASE.jar
2018-07-29 13:51:46,633 [Worker-23] INFO  o.e.m.c.i.e.AbstractTransferListenerAdapter - Downloaded https://repo.maven.apache.org/maven2/org/springframework/boot/spring-boot-starter-tomcat/2.0.2.RELEASE/spring-boot-starter-tomcat-2.0.2.RELEASE.jar
2018-07-29 13:51:46,655 [Worker-23] INFO  o.e.m.c.i.e.AbstractTransferListenerAdapter - Downloading https://repo.maven.apache.org/maven2/org/springframework/boot/spring-boot-starter-thymeleaf/2.0.2.RELEASE/spring-boot-starter-thymeleaf-2.0.2.RELEASE.jar
2018-07-29 13:51:46,763 [Worker-23] INFO  o.e.m.c.i.e.AbstractTransferListenerAdapter - Downloaded https://repo.maven.apache.org/maven2/org/springframework/boot/spring-boot-starter-thymeleaf/2.0.2.RELEASE/spring-boot-starter-thymeleaf-2.0.2.RELEASE.jar
2018-07-29 13:51:46,780 [Worker-23] INFO  o.e.m.c.i.e.AbstractTransferListenerAdapter - Downloading https://repo.maven.apache.org/maven2/org/springframework/boot/spring-boot-starter-test/2.0.2.RELEASE/spring-boot-starter-test-2.0.2.RELEASE.jar
2018-07-29 13:51:46,830 [Worker-23] INFO  o.e.m.c.i.e.AbstractTransferListenerAdapter - Downloaded https://repo.maven.apache.org/maven2/org/springframework/boot/spring-boot-starter-test/2.0.2.RELEASE/spring-boot-starter-test-2.0.2.RELEASE.jar
2018-07-29 13:51:46,848 [Worker-23] INFO  o.e.m.c.i.e.AbstractTransferListenerAdapter - Downloading https://repo.maven.apache.org/maven2/org/springframework/boot/spring-boot-test/2.0.2.RELEASE/spring-boot-test-2.0.2.RELEASE.jar
2018-07-29 13:51:46,943 [Worker-23] INFO  o.e.m.c.i.e.AbstractTransferListenerAdapter - Downloaded https://repo.maven.apache.org/maven2/org/springframework/boot/spring-boot-test/2.0.2.RELEASE/spring-boot-test-2.0.2.RELEASE.jar
2018-07-29 13:51:46,967 [Worker-23] INFO  o.e.m.c.i.e.AbstractTransferListenerAdapter - Downloading https://repo.maven.apache.org/maven2/org/springframework/boot/spring-boot-test-autoconfigure/2.0.2.RELEASE/spring-boot-test-autoconfigure-2.0.2.RELEASE.jar
2018-07-29 13:51:47,059 [Worker-23] INFO  o.e.m.c.i.e.AbstractTransferListenerAdapter - Downloaded https://repo.maven.apache.org/maven2/org/springframework/boot/spring-boot-test-autoconfigure/2.0.2.RELEASE/spring-boot-test-autoconfigure-2.0.2.RELEASE.jar
2018-07-29 13:51:47,094 [Worker-23] INFO  o.e.m.c.i.e.AbstractTransferListenerAdapter - Downloading https://repo.maven.apache.org/maven2/org/springframework/spring-test/5.0.6.RELEASE/spring-test-5.0.6.RELEASE.jar
2018-07-29 13:51:47,252 [Worker-23] INFO  o.e.m.c.i.e.AbstractTransferListenerAdapter - Downloaded https://repo.maven.apache.org/maven2/org/springframework/spring-test/5.0.6.RELEASE/spring-test-5.0.6.RELEASE.jar
2018-07-29 13:51:58,084 [Worker-23] INFO  o.e.m.c.i.embedder.EclipseLogger - Using 'UTF-8' encoding to copy filtered resources.
2018-07-29 13:51:58,093 [Worker-23] INFO  o.e.m.c.i.embedder.EclipseLogger - Copying 0 resource
2018-07-29 13:51:58,097 [Worker-23] INFO  o.e.m.c.i.embedder.EclipseLogger - Copying 0 resource
2018-07-29 13:51:58,102 [Worker-23] INFO  o.e.m.c.i.embedder.EclipseLogger - Using 'UTF-8' encoding to copy filtered resources.
2018-07-29 13:51:58,103 [Worker-23] INFO  o.e.m.c.i.embedder.EclipseLogger - skip non existing resourceDirectory C:\Users\mattstro\eclipse-workspace\gs-uploading-files\src\test\resources
2018-07-29 13:51:59,734 [Worker-19] INFO  o.e.m.c.i.p.ProjectConfigurationManager - Update started
2018-07-29 13:52:01,755 [Worker-19] INFO  o.e.m.c.i.l.LifecycleMappingFactory - Using org.eclipse.m2e.jdt.JarLifecycleMapping lifecycle mapping for MavenProject: org.springframework:gs-uploading-files:0.1.0 @ C:\Users\mattstro\eclipse-workspace\gs-uploading-files\pom.xml.
2018-07-29 13:52:04,326 [Worker-19] INFO  o.e.m.j.i.AbstractJavaProjectConfigurator - Adding source folder /gs-uploading-files/src/main/java
2018-07-29 13:52:04,327 [Worker-19] INFO  o.e.m.j.i.AbstractJavaProjectConfigurator - Adding resource folder /gs-uploading-files/src/main/resources
2018-07-29 13:52:04,328 [Worker-19] INFO  o.e.m.j.i.AbstractJavaProjectConfigurator - Adding resource folder /gs-uploading-files/src/main/resources
2018-07-29 13:52:04,370 [Worker-19] INFO  o.e.m.j.i.AbstractJavaProjectConfigurator - Adding source folder /gs-uploading-files/src/test/java
2018-07-29 13:52:05,830 [Worker-19] INFO  o.e.m.c.i.p.ProjectConfigurationManager - Update completed: 6 sec
2018-07-29 13:52:08,259 [Worker-18] INFO  o.e.m.c.i.embedder.EclipseLogger - Using 'UTF-8' encoding to copy filtered resources.
2018-07-29 13:52:08,264 [Worker-18] INFO  o.e.m.c.i.embedder.EclipseLogger - Copying 0 resource
2018-07-29 13:52:08,269 [Worker-18] INFO  o.e.m.c.i.embedder.EclipseLogger - Copying 0 resource
2018-07-29 13:52:08,274 [Worker-18] INFO  o.e.m.c.i.embedder.EclipseLogger - Using 'UTF-8' encoding to copy filtered resources.
2018-07-29 13:52:08,275 [Worker-18] INFO  o.e.m.c.i.embedder.EclipseLogger - skip non existing resourceDirectory C:\Users\mattstro\eclipse-workspace\gs-uploading-files\src\test\resources
2018-07-29 13:52:22,165 [Worker-25] INFO  o.e.m.c.i.embedder.EclipseLogger - Using 'UTF-8' encoding to copy filtered resources.
2018-07-29 13:52:22,173 [Worker-25] INFO  o.e.m.c.i.embedder.EclipseLogger - Copying 0 resource
2018-07-29 13:52:22,175 [Worker-25] INFO  o.e.m.c.i.embedder.EclipseLogger - Copying 0 resource
2018-07-29 13:52:22,179 [Worker-25] INFO  o.e.m.c.i.embedder.EclipseLogger - Using 'UTF-8' encoding to copy filtered resources.
2018-07-29 13:52:22,180 [Worker-25] INFO  o.e.m.c.i.embedder.EclipseLogger - skip non existing resourceDirectory C:\Users\mattstro\eclipse-workspace\gs-uploading-files\src\test\resources
2018-07-29 13:52:39,849 [Worker-27] INFO  o.e.m.c.i.embedder.EclipseLogger - Using 'UTF-8' encoding to copy filtered resources.
2018-07-29 13:52:39,853 [Worker-27] INFO  o.e.m.c.i.embedder.EclipseLogger - Copying 0 resource
2018-07-29 13:52:39,857 [Worker-27] INFO  o.e.m.c.i.embedder.EclipseLogger - Copying 0 resource
2018-07-29 13:52:39,862 [Worker-27] INFO  o.e.m.c.i.embedder.EclipseLogger - Using 'UTF-8' encoding to copy filtered resources.
2018-07-29 13:52:39,862 [Worker-27] INFO  o.e.m.c.i.embedder.EclipseLogger - skip non existing resourceDirectory C:\Users\mattstro\eclipse-workspace\gs-uploading-files\src\test\resources
2018-07-29 13:52:48,403 [Worker-21] INFO  o.e.m.c.i.embedder.EclipseLogger - Using 'UTF-8' encoding to copy filtered resources.
2018-07-29 13:52:48,405 [Worker-21] INFO  o.e.m.c.i.embedder.EclipseLogger - Copying 0 resource
2018-07-29 13:52:48,409 [Worker-21] INFO  o.e.m.c.i.embedder.EclipseLogger - Copying 0 resource
2018-07-29 13:52:48,413 [Worker-21] INFO  o.e.m.c.i.embedder.EclipseLogger - Using 'UTF-8' encoding to copy filtered resources.
2018-07-29 13:52:48,415 [Worker-21] INFO  o.e.m.c.i.embedder.EclipseLogger - skip non existing resourceDirectory C:\Users\mattstro\eclipse-workspace\gs-uploading-files\src\test\resources
2018-07-29 13:54:59,573 [Worker-21] INFO  o.e.m.c.i.embedder.EclipseLogger - Using 'UTF-8' encoding to copy filtered resources.
2018-07-29 13:54:59,581 [Worker-21] INFO  o.e.m.c.i.embedder.EclipseLogger - Copying 0 resource
2018-07-29 13:54:59,650 [Worker-21] INFO  o.e.m.c.i.embedder.EclipseLogger - Copying 0 resource
2018-07-29 13:54:59,659 [Worker-21] INFO  o.e.m.c.i.embedder.EclipseLogger - Using 'UTF-8' encoding to copy filtered resources.
2018-07-29 13:54:59,659 [Worker-21] INFO  o.e.m.c.i.embedder.EclipseLogger - skip non existing resourceDirectory C:\Users\mattstro\eclipse-workspace\gs-uploading-files\src\test\resources
2018-07-29 13:55:29,181 [Worker-24] INFO  o.e.m.c.i.embedder.EclipseLogger - Using 'UTF-8' encoding to copy filtered resources.
2018-07-29 13:55:29,185 [Worker-24] INFO  o.e.m.c.i.embedder.EclipseLogger - Copying 0 resource
2018-07-29 13:55:29,188 [Worker-24] INFO  o.e.m.c.i.embedder.EclipseLogger - Copying 1 resource
2018-07-29 13:55:29,232 [Worker-24] INFO  o.e.m.c.i.embedder.EclipseLogger - Using 'UTF-8' encoding to copy filtered resources.
2018-07-29 13:55:29,232 [Worker-24] INFO  o.e.m.c.i.embedder.EclipseLogger - skip non existing resourceDirectory C:\Users\mattstro\eclipse-workspace\gs-uploading-files\src\test\resources
2018-07-29 13:55:32,592 [Worker-29] INFO  o.e.m.c.i.embedder.EclipseLogger - Using 'UTF-8' encoding to copy filtered resources.
2018-07-29 13:55:32,595 [Worker-29] INFO  o.e.m.c.i.embedder.EclipseLogger - Copying 0 resource
2018-07-29 13:55:32,597 [Worker-29] INFO  o.e.m.c.i.embedder.EclipseLogger - Copying 1 resource
2018-07-29 13:55:32,626 [Worker-29] INFO  o.e.m.c.i.embedder.EclipseLogger - Using 'UTF-8' encoding to copy filtered resources.
2018-07-29 13:55:32,627 [Worker-29] INFO  o.e.m.c.i.embedder.EclipseLogger - skip non existing resourceDirectory C:\Users\mattstro\eclipse-workspace\gs-uploading-files\src\test\resources
2018-07-29 13:58:34,501 [Worker-26] INFO  o.e.m.c.i.embedder.EclipseLogger - Using 'UTF-8' encoding to copy filtered resources.
2018-07-29 13:58:34,506 [Worker-26] INFO  o.e.m.c.i.embedder.EclipseLogger - Copying 0 resource
2018-07-29 13:58:34,511 [Worker-26] INFO  o.e.m.c.i.embedder.EclipseLogger - Copying 1 resource
2018-07-29 13:58:34,594 [Worker-26] INFO  o.e.m.c.i.embedder.EclipseLogger - Using 'UTF-8' encoding to copy filtered resources.
2018-07-29 13:58:34,596 [Worker-26] INFO  o.e.m.c.i.embedder.EclipseLogger - skip non existing resourceDirectory C:\Users\mattstro\eclipse-workspace\gs-uploading-files\src\test\resources
2018-07-29 13:59:10,440 [Worker-21] INFO  o.e.m.c.i.embedder.EclipseLogger - Using 'UTF-8' encoding to copy filtered resources.
2018-07-29 13:59:10,448 [Worker-21] INFO  o.e.m.c.i.embedder.EclipseLogger - Copying 0 resource
2018-07-29 13:59:10,455 [Worker-21] INFO  o.e.m.c.i.embedder.EclipseLogger - Copying 1 resource
2018-07-29 13:59:10,461 [Worker-21] INFO  o.e.m.c.i.embedder.EclipseLogger - Using 'UTF-8' encoding to copy filtered resources.
2018-07-29 13:59:10,462 [Worker-21] INFO  o.e.m.c.i.embedder.EclipseLogger - skip non existing resourceDirectory C:\Users\mattstro\eclipse-workspace\gs-uploading-files\src\test\resources
2018-07-29 14:04:14,325 [Worker-24] INFO  o.e.m.c.i.embedder.EclipseLogger - Using 'UTF-8' encoding to copy filtered resources.
2018-07-29 14:04:14,332 [Worker-24] INFO  o.e.m.c.i.embedder.EclipseLogger - Copying 0 resource
2018-07-29 14:04:14,336 [Worker-24] INFO  o.e.m.c.i.embedder.EclipseLogger - Copying 1 resource
2018-07-29 14:04:14,341 [Worker-24] INFO  o.e.m.c.i.embedder.EclipseLogger - Using 'UTF-8' encoding to copy filtered resources.
2018-07-29 14:04:14,344 [Worker-24] INFO  o.e.m.c.i.embedder.EclipseLogger - skip non existing resourceDirectory C:\Users\mattstro\eclipse-workspace\gs-uploading-files\src\test\resources
2018-07-29 14:15:16,525 [Worker-29] INFO  o.e.m.c.i.embedder.EclipseLogger - Using 'UTF-8' encoding to copy filtered resources.
2018-07-29 14:15:16,528 [Worker-29] INFO  o.e.m.c.i.embedder.EclipseLogger - Copying 1 resource
2018-07-29 14:15:16,563 [Worker-29] INFO  o.e.m.c.i.embedder.EclipseLogger - Copying 0 resource
2018-07-29 14:15:16,568 [Worker-29] INFO  o.e.m.c.i.embedder.EclipseLogger - Using 'UTF-8' encoding to copy filtered resources.
2018-07-29 14:15:16,569 [Worker-29] INFO  o.e.m.c.i.embedder.EclipseLogger - skip non existing resourceDirectory C:\Users\mattstro\eclipse-workspace\gs-uploading-files\src\test\resources
2018-07-29 14:15:20,043 [Worker-24] INFO  o.e.m.c.i.embedder.EclipseLogger - Using 'UTF-8' encoding to copy filtered resources.
2018-07-29 14:15:20,043 [Worker-24] INFO  o.e.m.c.i.embedder.EclipseLogger - Copying 1 resource
2018-07-29 14:15:20,057 [Worker-24] INFO  o.e.m.c.i.embedder.EclipseLogger - Copying 0 resource
2018-07-29 14:15:20,062 [Worker-24] INFO  o.e.m.c.i.embedder.EclipseLogger - Using 'UTF-8' encoding to copy filtered resources.
2018-07-29 14:15:20,063 [Worker-24] INFO  o.e.m.c.i.embedder.EclipseLogger - skip non existing resourceDirectory C:\Users\mattstro\eclipse-workspace\gs-uploading-files\src\test\resources
2018-07-29 14:17:13,094 [Worker-32] INFO  o.e.m.c.i.embedder.EclipseLogger - Using 'UTF-8' encoding to copy filtered resources.
2018-07-29 14:17:13,101 [Worker-32] INFO  o.e.m.c.i.embedder.EclipseLogger - Copying 1 resource
2018-07-29 14:17:13,117 [Worker-32] INFO  o.e.m.c.i.embedder.EclipseLogger - Copying 1 resource
2018-07-29 14:17:13,122 [Worker-32] INFO  o.e.m.c.i.embedder.EclipseLogger - Using 'UTF-8' encoding to copy filtered resources.
2018-07-29 14:17:13,122 [Worker-32] INFO  o.e.m.c.i.embedder.EclipseLogger - skip non existing resourceDirectory C:\Users\mattstro\eclipse-workspace\gs-uploading-files\src\test\resources
2018-07-29 14:18:06,002 [Worker-31] INFO  o.e.m.c.i.embedder.EclipseLogger - Using 'UTF-8' encoding to copy filtered resources.
2018-07-29 14:18:06,006 [Worker-31] INFO  o.e.m.c.i.embedder.EclipseLogger - Copying 1 resource
2018-07-29 14:18:06,020 [Worker-31] INFO  o.e.m.c.i.embedder.EclipseLogger - Copying 1 resource
2018-07-29 14:18:06,025 [Worker-31] INFO  o.e.m.c.i.embedder.EclipseLogger - Using 'UTF-8' encoding to copy filtered resources.
2018-07-29 14:18:06,025 [Worker-31] INFO  o.e.m.c.i.embedder.EclipseLogger - skip non existing resourceDirectory C:\Users\mattstro\eclipse-workspace\gs-uploading-files\src\test\resources
2018-07-29 14:23:56,012 [Worker-32] INFO  o.e.m.c.i.embedder.EclipseLogger - Using 'UTF-8' encoding to copy filtered resources.
2018-07-29 14:23:56,018 [Worker-32] INFO  o.e.m.c.i.embedder.EclipseLogger - Copying 1 resource
2018-07-29 14:23:56,035 [Worker-32] INFO  o.e.m.c.i.embedder.EclipseLogger - Copying 1 resource
2018-07-29 14:23:56,040 [Worker-32] INFO  o.e.m.c.i.embedder.EclipseLogger - Using 'UTF-8' encoding to copy filtered resources.
2018-07-29 14:23:56,041 [Worker-32] INFO  o.e.m.c.i.embedder.EclipseLogger - skip non existing resourceDirectory C:\Users\mattstro\eclipse-workspace\gs-uploading-files\src\test\resources
2018-07-29 14:23:59,203 [Worker-24] INFO  o.e.m.c.i.p.ProjectConfigurationManager - Update started
2018-07-29 14:24:03,837 [Worker-24] INFO  o.e.m.c.i.l.LifecycleMappingFactory - Using org.eclipse.m2e.jdt.JarLifecycleMapping lifecycle mapping for MavenProject: org.springframework:gs-uploading-files:0.1.0 @ C:\Users\mattstro\eclipse-workspace\gs-uploading-files\pom.xml.
2018-07-29 14:24:07,149 [Worker-24] INFO  o.e.m.j.i.AbstractJavaProjectConfigurator - Adding source folder /gs-uploading-files/src/main/java
2018-07-29 14:24:07,151 [Worker-24] INFO  o.e.m.j.i.AbstractJavaProjectConfigurator - Adding resource folder /gs-uploading-files/src/main/resources
2018-07-29 14:24:07,153 [Worker-24] INFO  o.e.m.j.i.AbstractJavaProjectConfigurator - Adding resource folder /gs-uploading-files/src/main/resources
2018-07-29 14:24:07,154 [Worker-24] INFO  o.e.m.j.i.AbstractJavaProjectConfigurator - Adding source folder /gs-uploading-files/src/test/java
2018-07-29 14:24:08,877 [Worker-24] INFO  o.e.m.c.i.p.ProjectConfigurationManager - Update completed: 9 sec
2018-07-29 14:24:11,801 [Worker-33] INFO  o.e.m.c.i.embedder.EclipseLogger - Using 'UTF-8' encoding to copy filtered resources.
2018-07-29 14:24:11,803 [Worker-33] INFO  o.e.m.c.i.embedder.EclipseLogger - Copying 1 resource
2018-07-29 14:24:11,832 [Worker-33] INFO  o.e.m.c.i.embedder.EclipseLogger - Copying 1 resource
2018-07-29 14:24:11,860 [Worker-33] INFO  o.e.m.c.i.embedder.EclipseLogger - Using 'UTF-8' encoding to copy filtered resources.
2018-07-29 14:24:11,861 [Worker-33] INFO  o.e.m.c.i.embedder.EclipseLogger - skip non existing resourceDirectory C:\Users\mattstro\eclipse-workspace\gs-uploading-files\src\test\resources
2018-07-29 14:24:27,952 [Worker-31] INFO  o.e.m.c.i.embedder.EclipseLogger - Using 'UTF-8' encoding to copy filtered resources.
2018-07-29 14:24:27,959 [Worker-31] INFO  o.e.m.c.i.embedder.EclipseLogger - Copying 1 resource
2018-07-29 14:24:27,977 [Worker-31] INFO  o.e.m.c.i.embedder.EclipseLogger - Copying 1 resource
2018-07-29 14:24:27,982 [Worker-31] INFO  o.e.m.c.i.embedder.EclipseLogger - Using 'UTF-8' encoding to copy filtered resources.
2018-07-29 14:24:27,984 [Worker-31] INFO  o.e.m.c.i.embedder.EclipseLogger - skip non existing resourceDirectory C:\Users\mattstro\eclipse-workspace\gs-uploading-files\src\test\resources
2018-07-29 14:26:31,679 [Worker-36] INFO  o.e.m.c.i.embedder.EclipseLogger - Using 'UTF-8' encoding to copy filtered resources.
2018-07-29 14:26:31,688 [Worker-36] INFO  o.e.m.c.i.embedder.EclipseLogger - Copying 1 resource
2018-07-29 14:26:31,706 [Worker-36] INFO  o.e.m.c.i.embedder.EclipseLogger - Copying 1 resource
2018-07-29 14:26:31,712 [Worker-36] INFO  o.e.m.c.i.embedder.EclipseLogger - Using 'UTF-8' encoding to copy filtered resources.
2018-07-29 14:26:31,712 [Worker-36] INFO  o.e.m.c.i.embedder.EclipseLogger - skip non existing resourceDirectory C:\Users\mattstro\eclipse-workspace\gs-uploading-files\src\test\resources
2018-07-29 14:26:44,990 [Worker-24] INFO  o.e.m.c.i.embedder.EclipseLogger - Using 'UTF-8' encoding to copy filtered resources.
2018-07-29 14:26:44,996 [Worker-24] INFO  o.e.m.c.i.embedder.EclipseLogger - Copying 1 resource
2018-07-29 14:26:45,014 [Worker-24] INFO  o.e.m.c.i.embedder.EclipseLogger - Copying 1 resource
2018-07-29 14:26:45,018 [Worker-24] INFO  o.e.m.c.i.embedder.EclipseLogger - Using 'UTF-8' encoding to copy filtered resources.
2018-07-29 14:26:45,018 [Worker-24] INFO  o.e.m.c.i.embedder.EclipseLogger - skip non existing resourceDirectory C:\Users\mattstro\eclipse-workspace\gs-uploading-files\src\test\resources
2018-07-29 14:26:56,126 [Worker-39] INFO  o.e.m.c.i.embedder.EclipseLogger - Using 'UTF-8' encoding to copy filtered resources.
2018-07-29 14:26:56,132 [Worker-39] INFO  o.e.m.c.i.embedder.EclipseLogger - Copying 1 resource
2018-07-29 14:26:56,147 [Worker-39] INFO  o.e.m.c.i.embedder.EclipseLogger - Copying 1 resource
2018-07-29 14:26:56,155 [Worker-39] INFO  o.e.m.c.i.embedder.EclipseLogger - Using 'UTF-8' encoding to copy filtered resources.
2018-07-29 14:26:56,155 [Worker-39] INFO  o.e.m.c.i.embedder.EclipseLogger - skip non existing resourceDirectory C:\Users\mattstro\eclipse-workspace\gs-uploading-files\src\test\resources
2018-07-29 14:28:45,200 [Worker-36] INFO  o.e.m.c.i.embedder.EclipseLogger - Using 'UTF-8' encoding to copy filtered resources.
2018-07-29 14:28:45,206 [Worker-36] INFO  o.e.m.c.i.embedder.EclipseLogger - Copying 1 resource
2018-07-29 14:28:45,238 [Worker-36] INFO  o.e.m.c.i.embedder.EclipseLogger - Copying 1 resource
2018-07-29 14:28:45,244 [Worker-36] INFO  o.e.m.c.i.embedder.EclipseLogger - Using 'UTF-8' encoding to copy filtered resources.
2018-07-29 14:28:45,246 [Worker-36] INFO  o.e.m.c.i.embedder.EclipseLogger - skip non existing resourceDirectory C:\Users\mattstro\eclipse-workspace\gs-uploading-files\src\test\resources
2018-07-29 14:29:15,375 [Worker-33] INFO  o.e.m.c.i.embedder.EclipseLogger - Using 'UTF-8' encoding to copy filtered resources.
2018-07-29 14:29:15,383 [Worker-33] INFO  o.e.m.c.i.embedder.EclipseLogger - Copying 1 resource
2018-07-29 14:29:15,403 [Worker-33] INFO  o.e.m.c.i.embedder.EclipseLogger - Copying 1 resource
2018-07-29 14:29:15,408 [Worker-33] INFO  o.e.m.c.i.embedder.EclipseLogger - Using 'UTF-8' encoding to copy filtered resources.
2018-07-29 14:29:15,409 [Worker-33] INFO  o.e.m.c.i.embedder.EclipseLogger - skip non existing resourceDirectory C:\Users\mattstro\eclipse-workspace\gs-uploading-files\src\test\resources
2018-07-29 14:29:58,335 [Worker-37] INFO  o.e.m.c.i.embedder.EclipseLogger - Using 'UTF-8' encoding to copy filtered resources.
2018-07-29 14:29:58,341 [Worker-37] INFO  o.e.m.c.i.embedder.EclipseLogger - Copying 1 resource
2018-07-29 14:29:58,354 [Worker-37] INFO  o.e.m.c.i.embedder.EclipseLogger - Copying 1 resource
2018-07-29 14:29:58,358 [Worker-37] INFO  o.e.m.c.i.embedder.EclipseLogger - Using 'UTF-8' encoding to copy filtered resources.
2018-07-29 14:29:58,359 [Worker-37] INFO  o.e.m.c.i.embedder.EclipseLogger - skip non existing resourceDirectory C:\Users\mattstro\eclipse-workspace\gs-uploading-files\src\test\resources
2018-07-29 14:31:03,273 [Worker-33] INFO  o.e.m.c.i.embedder.EclipseLogger - Using 'UTF-8' encoding to copy filtered resources.
2018-07-29 14:31:03,282 [Worker-33] INFO  o.e.m.c.i.embedder.EclipseLogger - Copying 1 resource
2018-07-29 14:31:03,303 [Worker-33] INFO  o.e.m.c.i.embedder.EclipseLogger - Copying 1 resource
2018-07-29 14:31:03,310 [Worker-33] INFO  o.e.m.c.i.embedder.EclipseLogger - Using 'UTF-8' encoding to copy filtered resources.
2018-07-29 14:31:03,310 [Worker-33] INFO  o.e.m.c.i.embedder.EclipseLogger - skip non existing resourceDirectory C:\Users\mattstro\eclipse-workspace\gs-uploading-files\src\test\resources
2018-07-29 14:31:18,147 [Worker-24] INFO  o.e.m.c.i.embedder.EclipseLogger - Using 'UTF-8' encoding to copy filtered resources.
2018-07-29 14:31:18,154 [Worker-24] INFO  o.e.m.c.i.embedder.EclipseLogger - Copying 1 resource
2018-07-29 14:31:18,177 [Worker-24] INFO  o.e.m.c.i.embedder.EclipseLogger - Copying 1 resource
2018-07-29 14:31:18,186 [Worker-24] INFO  o.e.m.c.i.embedder.EclipseLogger - Using 'UTF-8' encoding to copy filtered resources.
2018-07-29 14:31:18,187 [Worker-24] INFO  o.e.m.c.i.embedder.EclipseLogger - skip non existing resourceDirectory C:\Users\mattstro\eclipse-workspace\gs-uploading-files\src\test\resources
2018-07-29 14:31:26,745 [Worker-38] INFO  o.e.m.c.i.embedder.EclipseLogger - Using 'UTF-8' encoding to copy filtered resources.
2018-07-29 14:31:26,751 [Worker-38] INFO  o.e.m.c.i.embedder.EclipseLogger - Copying 1 resource
2018-07-29 14:31:26,769 [Worker-38] INFO  o.e.m.c.i.embedder.EclipseLogger - Copying 1 resource
2018-07-29 14:31:26,774 [Worker-38] INFO  o.e.m.c.i.embedder.EclipseLogger - Using 'UTF-8' encoding to copy filtered resources.
2018-07-29 14:31:26,775 [Worker-38] INFO  o.e.m.c.i.embedder.EclipseLogger - skip non existing resourceDirectory C:\Users\mattstro\eclipse-workspace\gs-uploading-files\src\test\resources
2018-07-29 14:31:30,625 [Worker-39] INFO  o.e.m.c.i.embedder.EclipseLogger - Using 'UTF-8' encoding to copy filtered resources.
2018-07-29 14:31:30,629 [Worker-39] INFO  o.e.m.c.i.embedder.EclipseLogger - Copying 1 resource
2018-07-29 14:31:30,641 [Worker-39] INFO  o.e.m.c.i.embedder.EclipseLogger - Copying 1 resource
2018-07-29 14:31:30,645 [Worker-39] INFO  o.e.m.c.i.embedder.EclipseLogger - Using 'UTF-8' encoding to copy filtered resources.
2018-07-29 14:31:30,645 [Worker-39] INFO  o.e.m.c.i.embedder.EclipseLogger - skip non existing resourceDirectory C:\Users\mattstro\eclipse-workspace\gs-uploading-files\src\test\resources
2018-07-29 14:31:33,012 [Worker-24] INFO  o.e.m.c.i.embedder.EclipseLogger - Using 'UTF-8' encoding to copy filtered resources.
2018-07-29 14:31:33,016 [Worker-24] INFO  o.e.m.c.i.embedder.EclipseLogger - Copying 1 resource
2018-07-29 14:31:33,029 [Worker-24] INFO  o.e.m.c.i.embedder.EclipseLogger - Copying 1 resource
2018-07-29 14:31:33,035 [Worker-24] INFO  o.e.m.c.i.embedder.EclipseLogger - Using 'UTF-8' encoding to copy filtered resources.
2018-07-29 14:31:33,035 [Worker-24] INFO  o.e.m.c.i.embedder.EclipseLogger - skip non existing resourceDirectory C:\Users\mattstro\eclipse-workspace\gs-uploading-files\src\test\resources
2018-07-29 14:31:50,816 [Worker-39] INFO  o.e.m.c.i.embedder.EclipseLogger - Using 'UTF-8' encoding to copy filtered resources.
2018-07-29 14:31:50,823 [Worker-39] INFO  o.e.m.c.i.embedder.EclipseLogger - Copying 1 resource
2018-07-29 14:31:50,841 [Worker-39] INFO  o.e.m.c.i.embedder.EclipseLogger - Copying 1 resource
2018-07-29 14:31:50,848 [Worker-39] INFO  o.e.m.c.i.embedder.EclipseLogger - Using 'UTF-8' encoding to copy filtered resources.
2018-07-29 14:31:50,851 [Worker-39] INFO  o.e.m.c.i.embedder.EclipseLogger - skip non existing resourceDirectory C:\Users\mattstro\eclipse-workspace\gs-uploading-files\src\test\resources
2018-07-29 14:32:28,813 [Worker-33] INFO  o.e.m.c.i.embedder.EclipseLogger - Using 'UTF-8' encoding to copy filtered resources.
2018-07-29 14:32:28,821 [Worker-33] INFO  o.e.m.c.i.embedder.EclipseLogger - Copying 1 resource
2018-07-29 14:32:28,837 [Worker-33] INFO  o.e.m.c.i.embedder.EclipseLogger - Copying 1 resource
2018-07-29 14:32:28,841 [Worker-33] INFO  o.e.m.c.i.embedder.EclipseLogger - Using 'UTF-8' encoding to copy filtered resources.
2018-07-29 14:32:28,842 [Worker-33] INFO  o.e.m.c.i.embedder.EclipseLogger - skip non existing resourceDirectory C:\Users\mattstro\eclipse-workspace\gs-uploading-files\src\test\resources
2018-07-29 14:33:35,131 [Worker-36] INFO  o.e.m.c.i.embedder.EclipseLogger - Using 'UTF-8' encoding to copy filtered resources.
2018-07-29 14:33:35,139 [Worker-36] INFO  o.e.m.c.i.embedder.EclipseLogger - Copying 1 resource
2018-07-29 14:33:35,158 [Worker-36] INFO  o.e.m.c.i.embedder.EclipseLogger - Copying 1 resource
2018-07-29 14:33:35,165 [Worker-36] INFO  o.e.m.c.i.embedder.EclipseLogger - Using 'UTF-8' encoding to copy filtered resources.
2018-07-29 14:33:35,166 [Worker-36] INFO  o.e.m.c.i.embedder.EclipseLogger - skip non existing resourceDirectory C:\Users\mattstro\eclipse-workspace\gs-uploading-files\src\test\resources
2018-07-29 14:34:08,121 [Worker-39] INFO  o.e.m.c.i.embedder.EclipseLogger - Using 'UTF-8' encoding to copy filtered resources.
2018-07-29 14:34:08,129 [Worker-39] INFO  o.e.m.c.i.embedder.EclipseLogger - Copying 1 resource
2018-07-29 14:34:08,151 [Worker-39] INFO  o.e.m.c.i.embedder.EclipseLogger - Copying 1 resource
2018-07-29 14:34:08,259 [Worker-39] INFO  o.e.m.c.i.embedder.EclipseLogger - Using 'UTF-8' encoding to copy filtered resources.
2018-07-29 14:34:08,259 [Worker-39] INFO  o.e.m.c.i.embedder.EclipseLogger - skip non existing resourceDirectory C:\Users\mattstro\eclipse-workspace\gs-uploading-files\src\test\resources
2018-07-29 14:34:29,010 [Worker-38] INFO  o.e.m.c.i.embedder.EclipseLogger - Using 'UTF-8' encoding to copy filtered resources.
2018-07-29 14:34:29,014 [Worker-38] INFO  o.e.m.c.i.embedder.EclipseLogger - Copying 1 resource
2018-07-29 14:34:29,027 [Worker-38] INFO  o.e.m.c.i.embedder.EclipseLogger - Copying 1 resource
2018-07-29 14:34:29,032 [Worker-38] INFO  o.e.m.c.i.embedder.EclipseLogger - Using 'UTF-8' encoding to copy filtered resources.
2018-07-29 14:34:29,034 [Worker-38] INFO  o.e.m.c.i.embedder.EclipseLogger - skip non existing resourceDirectory C:\Users\mattstro\eclipse-workspace\gs-uploading-files\src\test\resources
2018-07-29 14:35:19,423 [Worker-24] INFO  o.e.m.c.i.embedder.EclipseLogger - Using 'UTF-8' encoding to copy filtered resources.
2018-07-29 14:35:19,427 [Worker-24] INFO  o.e.m.c.i.embedder.EclipseLogger - Copying 1 resource
2018-07-29 14:35:19,440 [Worker-24] INFO  o.e.m.c.i.embedder.EclipseLogger - Copying 1 resource
2018-07-29 14:35:19,444 [Worker-24] INFO  o.e.m.c.i.embedder.EclipseLogger - Using 'UTF-8' encoding to copy filtered resources.
2018-07-29 14:35:19,444 [Worker-24] INFO  o.e.m.c.i.embedder.EclipseLogger - skip non existing resourceDirectory C:\Users\mattstro\eclipse-workspace\gs-uploading-files\src\test\resources
2018-07-29 14:35:42,530 [Worker-37] INFO  o.e.m.c.i.embedder.EclipseLogger - Using 'UTF-8' encoding to copy filtered resources.
2018-07-29 14:35:42,538 [Worker-37] INFO  o.e.m.c.i.embedder.EclipseLogger - Copying 1 resource
2018-07-29 14:35:42,558 [Worker-37] INFO  o.e.m.c.i.embedder.EclipseLogger - Copying 1 resource
2018-07-29 14:35:42,563 [Worker-37] INFO  o.e.m.c.i.embedder.EclipseLogger - Using 'UTF-8' encoding to copy filtered resources.
2018-07-29 14:35:42,564 [Worker-37] INFO  o.e.m.c.i.embedder.EclipseLogger - skip non existing resourceDirectory C:\Users\mattstro\eclipse-workspace\gs-uploading-files\src\test\resources
2018-07-29 14:35:53,642 [Worker-39] INFO  o.e.m.c.i.embedder.EclipseLogger - Using 'UTF-8' encoding to copy filtered resources.
2018-07-29 14:35:53,651 [Worker-39] INFO  o.e.m.c.i.embedder.EclipseLogger - Copying 1 resource
2018-07-29 14:35:53,680 [Worker-39] INFO  o.e.m.c.i.embedder.EclipseLogger - Copying 1 resource
2018-07-29 14:35:53,707 [Worker-39] INFO  o.e.m.c.i.embedder.EclipseLogger - Using 'UTF-8' encoding to copy filtered resources.
2018-07-29 14:35:53,707 [Worker-39] INFO  o.e.m.c.i.embedder.EclipseLogger - skip non existing resourceDirectory C:\Users\mattstro\eclipse-workspace\gs-uploading-files\src\test\resources
2018-07-29 14:36:39,666 [Worker-32] INFO  o.e.m.c.i.embedder.EclipseLogger - Using 'UTF-8' encoding to copy filtered resources.
2018-07-29 14:36:39,675 [Worker-32] INFO  o.e.m.c.i.embedder.EclipseLogger - Copying 1 resource
2018-07-29 14:36:39,706 [Worker-32] INFO  o.e.m.c.i.embedder.EclipseLogger - Copying 1 resource
2018-07-29 14:36:39,713 [Worker-32] INFO  o.e.m.c.i.embedder.EclipseLogger - Using 'UTF-8' encoding to copy filtered resources.
2018-07-29 14:36:39,715 [Worker-32] INFO  o.e.m.c.i.embedder.EclipseLogger - skip non existing resourceDirectory C:\Users\mattstro\eclipse-workspace\gs-uploading-files\src\test\resources
2018-07-29 14:36:58,403 [Worker-24] INFO  o.e.m.c.i.embedder.EclipseLogger - Using 'UTF-8' encoding to copy filtered resources.
2018-07-29 14:36:58,411 [Worker-24] INFO  o.e.m.c.i.embedder.EclipseLogger - Copying 1 resource
2018-07-29 14:36:58,430 [Worker-24] INFO  o.e.m.c.i.embedder.EclipseLogger - Copying 1 resource
2018-07-29 14:36:58,437 [Worker-24] INFO  o.e.m.c.i.embedder.EclipseLogger - Using 'UTF-8' encoding to copy filtered resources.
2018-07-29 14:36:58,438 [Worker-24] INFO  o.e.m.c.i.embedder.EclipseLogger - skip non existing resourceDirectory C:\Users\mattstro\eclipse-workspace\gs-uploading-files\src\test\resources
2018-07-29 14:37:11,031 [Worker-38] INFO  o.e.m.c.i.embedder.EclipseLogger - Using 'UTF-8' encoding to copy filtered resources.
2018-07-29 14:37:11,038 [Worker-38] INFO  o.e.m.c.i.embedder.EclipseLogger - Copying 1 resource
2018-07-29 14:37:11,057 [Worker-38] INFO  o.e.m.c.i.embedder.EclipseLogger - Copying 1 resource
2018-07-29 14:37:11,062 [Worker-38] INFO  o.e.m.c.i.embedder.EclipseLogger - Using 'UTF-8' encoding to copy filtered resources.
2018-07-29 14:37:11,064 [Worker-38] INFO  o.e.m.c.i.embedder.EclipseLogger - skip non existing resourceDirectory C:\Users\mattstro\eclipse-workspace\gs-uploading-files\src\test\resources
2018-07-29 14:37:50,521 [Worker-37] INFO  o.e.m.c.i.embedder.EclipseLogger - Using 'UTF-8' encoding to copy filtered resources.
2018-07-29 14:37:50,527 [Worker-37] INFO  o.e.m.c.i.embedder.EclipseLogger - Copying 1 resource
2018-07-29 14:37:50,544 [Worker-37] INFO  o.e.m.c.i.embedder.EclipseLogger - Copying 1 resource
2018-07-29 14:37:50,551 [Worker-37] INFO  o.e.m.c.i.embedder.EclipseLogger - Using 'UTF-8' encoding to copy filtered resources.
2018-07-29 14:37:50,551 [Worker-37] INFO  o.e.m.c.i.embedder.EclipseLogger - skip non existing resourceDirectory C:\Users\mattstro\eclipse-workspace\gs-uploading-files\src\test\resources
2018-07-29 14:38:10,027 [Worker-35] INFO  o.e.m.c.i.p.ProjectConfigurationManager - Update started
2018-07-29 14:38:11,847 [Worker-35] INFO  o.e.m.c.i.l.LifecycleMappingFactory - Using org.eclipse.m2e.jdt.JarLifecycleMapping lifecycle mapping for MavenProject: org.springframework:gs-uploading-files:0.1.0 @ C:\Users\mattstro\eclipse-workspace\gs-uploading-files\pom.xml.
2018-07-29 14:38:13,820 [Worker-35] INFO  o.e.m.j.i.AbstractJavaProjectConfigurator - Adding source folder /gs-uploading-files/src/main/java
2018-07-29 14:38:13,822 [Worker-35] INFO  o.e.m.j.i.AbstractJavaProjectConfigurator - Adding resource folder /gs-uploading-files/src/main/resources
2018-07-29 14:38:13,824 [Worker-35] INFO  o.e.m.j.i.AbstractJavaProjectConfigurator - Adding resource folder /gs-uploading-files/src/main/resources
2018-07-29 14:38:13,825 [Worker-35] INFO  o.e.m.j.i.AbstractJavaProjectConfigurator - Adding source folder /gs-uploading-files/src/test/java
2018-07-29 14:38:14,931 [Worker-35] INFO  o.e.m.c.i.p.ProjectConfigurationManager - Update completed: 4 sec
2018-07-29 14:38:17,325 [Worker-38] INFO  o.e.m.c.i.embedder.EclipseLogger - Using 'UTF-8' encoding to copy filtered resources.
2018-07-29 14:38:17,326 [Worker-38] INFO  o.e.m.c.i.embedder.EclipseLogger - Copying 1 resource
2018-07-29 14:38:17,355 [Worker-38] INFO  o.e.m.c.i.embedder.EclipseLogger - Copying 1 resource
2018-07-29 14:38:17,381 [Worker-38] INFO  o.e.m.c.i.embedder.EclipseLogger - Using 'UTF-8' encoding to copy filtered resources.
2018-07-29 14:38:17,382 [Worker-38] INFO  o.e.m.c.i.embedder.EclipseLogger - skip non existing resourceDirectory C:\Users\mattstro\eclipse-workspace\gs-uploading-files\src\test\resources
2018-07-29 14:40:19,105 [Worker-37] INFO  o.e.m.c.i.p.ProjectConfigurationManager - Update started
2018-07-29 14:40:21,064 [Worker-37] INFO  o.e.m.c.i.l.LifecycleMappingFactory - Using org.eclipse.m2e.jdt.JarLifecycleMapping lifecycle mapping for MavenProject: org.springframework:gs-uploading-files:0.1.0 @ C:\Users\mattstro\eclipse-workspace\gs-uploading-files\pom.xml.
2018-07-29 14:40:23,009 [Worker-37] INFO  o.e.m.j.i.AbstractJavaProjectConfigurator - Adding source folder /gs-uploading-files/src/main/java
2018-07-29 14:40:23,012 [Worker-37] INFO  o.e.m.j.i.AbstractJavaProjectConfigurator - Adding resource folder /gs-uploading-files/src/main/resources
2018-07-29 14:40:23,018 [Worker-37] INFO  o.e.m.j.i.AbstractJavaProjectConfigurator - Adding resource folder /gs-uploading-files/src/main/resources
2018-07-29 14:40:23,019 [Worker-37] INFO  o.e.m.j.i.AbstractJavaProjectConfigurator - Adding source folder /gs-uploading-files/src/test/java
2018-07-29 14:40:24,442 [Worker-37] INFO  o.e.m.c.i.p.ProjectConfigurationManager - Update completed: 5 sec
2018-07-29 14:40:27,248 [Worker-43] INFO  o.e.m.c.i.embedder.EclipseLogger - Using 'UTF-8' encoding to copy filtered resources.
2018-07-29 14:40:27,250 [Worker-43] INFO  o.e.m.c.i.embedder.EclipseLogger - Copying 1 resource
2018-07-29 14:40:27,279 [Worker-43] INFO  o.e.m.c.i.embedder.EclipseLogger - Copying 1 resource
2018-07-29 14:40:27,301 [Worker-43] INFO  o.e.m.c.i.embedder.EclipseLogger - Using 'UTF-8' encoding to copy filtered resources.
2018-07-29 14:40:27,302 [Worker-43] INFO  o.e.m.c.i.embedder.EclipseLogger - skip non existing resourceDirectory C:\Users\mattstro\eclipse-workspace\gs-uploading-files\src\test\resources
2018-07-29 14:42:39,395 [Worker-43] INFO  o.e.m.c.i.embedder.EclipseLogger - Using 'UTF-8' encoding to copy filtered resources.
2018-07-29 14:42:39,401 [Worker-43] INFO  o.e.m.c.i.embedder.EclipseLogger - Copying 1 resource
2018-07-29 14:42:39,418 [Worker-43] INFO  o.e.m.c.i.embedder.EclipseLogger - Copying 1 resource
2018-07-29 14:42:39,424 [Worker-43] INFO  o.e.m.c.i.embedder.EclipseLogger - Using 'UTF-8' encoding to copy filtered resources.
2018-07-29 14:42:39,425 [Worker-43] INFO  o.e.m.c.i.embedder.EclipseLogger - skip non existing resourceDirectory C:\Users\mattstro\eclipse-workspace\gs-uploading-files\src\test\resources
2018-07-29 14:42:56,400 [Worker-42] INFO  o.e.m.c.i.p.ProjectConfigurationManager - Update started
2018-07-29 14:42:57,996 [Worker-42] INFO  o.e.m.c.i.l.LifecycleMappingFactory - Using org.eclipse.m2e.jdt.JarLifecycleMapping lifecycle mapping for MavenProject: org.springframework:gs-uploading-files:0.1.0 @ C:\Users\mattstro\eclipse-workspace\gs-uploading-files\pom.xml.
2018-07-29 14:42:59,880 [Worker-42] INFO  o.e.m.j.i.AbstractJavaProjectConfigurator - Adding source folder /gs-uploading-files/src/main/java
2018-07-29 14:42:59,883 [Worker-42] INFO  o.e.m.j.i.AbstractJavaProjectConfigurator - Adding resource folder /gs-uploading-files/src/main/resources
2018-07-29 14:42:59,885 [Worker-42] INFO  o.e.m.j.i.AbstractJavaProjectConfigurator - Adding resource folder /gs-uploading-files/src/main/resources
2018-07-29 14:42:59,887 [Worker-42] INFO  o.e.m.j.i.AbstractJavaProjectConfigurator - Adding source folder /gs-uploading-files/src/test/java
2018-07-29 14:43:01,339 [Worker-42] INFO  o.e.m.c.i.p.ProjectConfigurationManager - Update completed: 4 sec
2018-07-29 14:43:04,731 [Worker-46] INFO  o.e.m.c.i.embedder.EclipseLogger - Using 'UTF-8' encoding to copy filtered resources.
2018-07-29 14:43:04,734 [Worker-46] INFO  o.e.m.c.i.embedder.EclipseLogger - Copying 1 resource
2018-07-29 14:43:04,770 [Worker-46] INFO  o.e.m.c.i.embedder.EclipseLogger - Copying 1 resource
2018-07-29 14:43:05,005 [Worker-46] INFO  o.e.m.c.i.embedder.EclipseLogger - Using 'UTF-8' encoding to copy filtered resources.
2018-07-29 14:43:05,006 [Worker-46] INFO  o.e.m.c.i.embedder.EclipseLogger - skip non existing resourceDirectory C:\Users\mattstro\eclipse-workspace\gs-uploading-files\src\test\resources
2018-07-29 14:44:50,766 [Worker-45] INFO  o.e.m.c.i.p.ProjectConfigurationManager - Update started
2018-07-29 14:44:52,795 [Worker-45] INFO  o.e.m.c.i.l.LifecycleMappingFactory - Using org.eclipse.m2e.jdt.JarLifecycleMapping lifecycle mapping for MavenProject: org.springframework:gs-uploading-files:0.1.0 @ C:\Users\mattstro\eclipse-workspace\gs-uploading-files\pom.xml.
2018-07-29 14:44:54,666 [Worker-45] INFO  o.e.m.j.i.AbstractJavaProjectConfigurator - Adding source folder /gs-uploading-files/src/main/java
2018-07-29 14:44:54,668 [Worker-45] INFO  o.e.m.j.i.AbstractJavaProjectConfigurator - Adding resource folder /gs-uploading-files/src/main/resources
2018-07-29 14:44:54,670 [Worker-45] INFO  o.e.m.j.i.AbstractJavaProjectConfigurator - Adding resource folder /gs-uploading-files/src/main/resources
2018-07-29 14:44:54,672 [Worker-45] INFO  o.e.m.j.i.AbstractJavaProjectConfigurator - Adding source folder /gs-uploading-files/src/test/java
2018-07-29 14:44:55,573 [Worker-45] INFO  o.e.m.c.i.p.ProjectConfigurationManager - Update completed: 4 sec
2018-07-29 14:44:58,987 [Worker-51] INFO  o.e.m.c.i.embedder.EclipseLogger - Using 'UTF-8' encoding to copy filtered resources.
2018-07-29 14:44:58,989 [Worker-51] INFO  o.e.m.c.i.embedder.EclipseLogger - Copying 1 resource
2018-07-29 14:44:59,027 [Worker-51] INFO  o.e.m.c.i.embedder.EclipseLogger - Copying 1 resource
2018-07-29 14:44:59,054 [Worker-51] INFO  o.e.m.c.i.embedder.EclipseLogger - Using 'UTF-8' encoding to copy filtered resources.
2018-07-29 14:44:59,055 [Worker-51] INFO  o.e.m.c.i.embedder.EclipseLogger - skip non existing resourceDirectory C:\Users\mattstro\eclipse-workspace\gs-uploading-files\src\test\resources
2018-07-29 14:46:34,513 [Worker-43] INFO  o.e.m.c.i.p.ProjectConfigurationManager - Update started
2018-07-29 14:46:36,749 [Worker-43] INFO  o.e.m.c.i.l.LifecycleMappingFactory - Using org.eclipse.m2e.jdt.JarLifecycleMapping lifecycle mapping for MavenProject: org.springframework:gs-uploading-files:0.1.0 @ C:\Users\mattstro\eclipse-workspace\gs-uploading-files\pom.xml.
2018-07-29 14:46:38,706 [Worker-43] INFO  o.e.m.j.i.AbstractJavaProjectConfigurator - Adding source folder /gs-uploading-files/src/main/java
2018-07-29 14:46:38,709 [Worker-43] INFO  o.e.m.j.i.AbstractJavaProjectConfigurator - Adding resource folder /gs-uploading-files/src/main/resources
2018-07-29 14:46:38,711 [Worker-43] INFO  o.e.m.j.i.AbstractJavaProjectConfigurator - Adding resource folder /gs-uploading-files/src/main/resources
2018-07-29 14:46:38,714 [Worker-43] INFO  o.e.m.j.i.AbstractJavaProjectConfigurator - Adding source folder /gs-uploading-files/src/test/java
2018-07-29 14:46:39,685 [Worker-43] INFO  o.e.m.c.i.p.ProjectConfigurationManager - Update completed: 5 sec
2018-07-29 14:46:42,274 [Worker-48] INFO  o.e.m.c.i.embedder.EclipseLogger - Using 'UTF-8' encoding to copy filtered resources.
2018-07-29 14:46:42,276 [Worker-48] INFO  o.e.m.c.i.embedder.EclipseLogger - Copying 1 resource
2018-07-29 14:46:42,314 [Worker-48] INFO  o.e.m.c.i.embedder.EclipseLogger - Copying 1 resource
2018-07-29 14:46:42,342 [Worker-48] INFO  o.e.m.c.i.embedder.EclipseLogger - Using 'UTF-8' encoding to copy filtered resources.
2018-07-29 14:46:42,344 [Worker-48] INFO  o.e.m.c.i.embedder.EclipseLogger - skip non existing resourceDirectory C:\Users\mattstro\eclipse-workspace\gs-uploading-files\src\test\resources
2018-07-29 14:47:51,661 [Worker-50] INFO  o.e.m.c.i.l.LifecycleMappingFactory - Using org.eclipse.m2e.jdt.JarLifecycleMapping lifecycle mapping for MavenProject: org.springframework:gs-uploading-files:0.1.0 @ C:\Users\mattstro\eclipse-workspace\gs-uploading-files\pom.xml.
2018-07-29 14:47:53,761 [Worker-50] INFO  o.e.m.c.i.embedder.EclipseLogger - Using 'UTF-8' encoding to copy filtered resources.
2018-07-29 14:47:53,769 [Worker-50] INFO  o.e.m.c.i.embedder.EclipseLogger - Copying 0 resource
2018-07-29 14:47:53,772 [Worker-50] INFO  o.e.m.c.i.embedder.EclipseLogger - Copying 0 resource
2018-07-29 14:47:53,776 [Worker-50] INFO  o.e.m.c.i.embedder.EclipseLogger - Using 'UTF-8' encoding to copy filtered resources.
2018-07-29 14:47:53,778 [Worker-50] INFO  o.e.m.c.i.embedder.EclipseLogger - skip non existing resourceDirectory C:\Users\mattstro\eclipse-workspace\gs-uploading-files\src\test\resources
2018-07-29 14:48:02,714 [Worker-50] INFO  o.e.m.c.i.p.ProjectConfigurationManager - Update started
2018-07-29 14:48:04,484 [Worker-50] INFO  o.e.m.c.i.l.LifecycleMappingFactory - Using org.eclipse.m2e.jdt.JarLifecycleMapping lifecycle mapping for MavenProject: org.springframework:gs-uploading-files:0.1.0 @ C:\Users\mattstro\eclipse-workspace\gs-uploading-files\pom.xml.
2018-07-29 14:48:06,659 [Worker-50] INFO  o.e.m.j.i.AbstractJavaProjectConfigurator - Adding source folder /gs-uploading-files/src/main/java
2018-07-29 14:48:06,661 [Worker-50] INFO  o.e.m.j.i.AbstractJavaProjectConfigurator - Adding resource folder /gs-uploading-files/src/main/resources
2018-07-29 14:48:06,663 [Worker-50] INFO  o.e.m.j.i.AbstractJavaProjectConfigurator - Adding resource folder /gs-uploading-files/src/main/resources
2018-07-29 14:48:06,665 [Worker-50] INFO  o.e.m.j.i.AbstractJavaProjectConfigurator - Adding source folder /gs-uploading-files/src/test/java
2018-07-29 14:48:09,013 [Worker-50] INFO  o.e.m.c.i.p.ProjectConfigurationManager - Update completed: 6 sec
2018-07-29 14:48:11,339 [Worker-50] INFO  o.e.m.c.i.embedder.EclipseLogger - Using 'UTF-8' encoding to copy filtered resources.
2018-07-29 14:48:11,342 [Worker-50] INFO  o.e.m.c.i.embedder.EclipseLogger - Copying 1 resource
2018-07-29 14:48:11,370 [Worker-50] INFO  o.e.m.c.i.embedder.EclipseLogger - Copying 1 resource
2018-07-29 14:48:11,396 [Worker-50] INFO  o.e.m.c.i.embedder.EclipseLogger - Using 'UTF-8' encoding to copy filtered resources.
2018-07-29 14:48:11,398 [Worker-50] INFO  o.e.m.c.i.embedder.EclipseLogger - skip non existing resourceDirectory C:\Users\mattstro\eclipse-workspace\gs-uploading-files\src\test\resources
2018-07-29 14:48:45,049 [Worker-31] INFO  o.e.m.c.i.l.LifecycleMappingFactory - Using org.eclipse.m2e.jdt.JarLifecycleMapping lifecycle mapping for MavenProject: org.springframework:gs-uploading-files:0.1.0 @ C:\Users\mattstro\eclipse-workspace\gs-uploading-files\pom.xml.
2018-07-29 14:48:47,116 [Worker-31] INFO  o.e.m.c.i.embedder.EclipseLogger - Using 'UTF-8' encoding to copy filtered resources.
2018-07-29 14:48:47,124 [Worker-31] INFO  o.e.m.c.i.embedder.EclipseLogger - Copying 0 resource
2018-07-29 14:48:47,126 [Worker-31] INFO  o.e.m.c.i.embedder.EclipseLogger - Copying 0 resource
2018-07-29 14:48:47,131 [Worker-31] INFO  o.e.m.c.i.embedder.EclipseLogger - Using 'UTF-8' encoding to copy filtered resources.
2018-07-29 14:48:47,132 [Worker-31] INFO  o.e.m.c.i.embedder.EclipseLogger - skip non existing resourceDirectory C:\Users\mattstro\eclipse-workspace\gs-uploading-files\src\test\resources
2018-07-29 14:48:49,597 [Worker-51] INFO  o.e.m.c.i.p.ProjectConfigurationManager - Update started
2018-07-29 14:48:51,164 [Worker-51] INFO  o.e.m.c.i.l.LifecycleMappingFactory - Using org.eclipse.m2e.jdt.JarLifecycleMapping lifecycle mapping for MavenProject: org.springframework:gs-uploading-files:0.1.0 @ C:\Users\mattstro\eclipse-workspace\gs-uploading-files\pom.xml.
2018-07-29 14:48:53,191 [Worker-51] INFO  o.e.m.j.i.AbstractJavaProjectConfigurator - Adding source folder /gs-uploading-files/src/main/java
2018-07-29 14:48:53,193 [Worker-51] INFO  o.e.m.j.i.AbstractJavaProjectConfigurator - Adding resource folder /gs-uploading-files/src/main/resources
2018-07-29 14:48:53,195 [Worker-51] INFO  o.e.m.j.i.AbstractJavaProjectConfigurator - Adding resource folder /gs-uploading-files/src/main/resources
2018-07-29 14:48:53,198 [Worker-51] INFO  o.e.m.j.i.AbstractJavaProjectConfigurator - Adding source folder /gs-uploading-files/src/test/java
2018-07-29 14:48:55,379 [Worker-51] INFO  o.e.m.c.i.p.ProjectConfigurationManager - Update completed: 5 sec
2018-07-29 14:48:58,749 [Worker-43] INFO  o.e.m.c.i.embedder.EclipseLogger - Using 'UTF-8' encoding to copy filtered resources.
2018-07-29 14:48:58,751 [Worker-43] INFO  o.e.m.c.i.embedder.EclipseLogger - Copying 1 resource
2018-07-29 14:48:58,778 [Worker-43] INFO  o.e.m.c.i.embedder.EclipseLogger - Copying 1 resource
2018-07-29 14:48:58,801 [Worker-43] INFO  o.e.m.c.i.embedder.EclipseLogger - Using 'UTF-8' encoding to copy filtered resources.
2018-07-29 14:48:58,802 [Worker-43] INFO  o.e.m.c.i.embedder.EclipseLogger - skip non existing resourceDirectory C:\Users\mattstro\eclipse-workspace\gs-uploading-files\src\test\resources
2018-07-29 14:50:15,236 [Worker-52] INFO  o.e.m.c.i.l.LifecycleMappingFactory - Using org.eclipse.m2e.jdt.JarLifecycleMapping lifecycle mapping for MavenProject: org.springframework:gs-uploading-files:0.1.0 @ C:\Users\mattstro\eclipse-workspace\gs-uploading-files\pom.xml.
2018-07-29 14:50:17,996 [Worker-52] INFO  o.e.m.c.i.embedder.EclipseLogger - Using 'UTF-8' encoding to copy filtered resources.
2018-07-29 14:50:18,005 [Worker-52] INFO  o.e.m.c.i.embedder.EclipseLogger - Copying 0 resource
2018-07-29 14:50:18,008 [Worker-52] INFO  o.e.m.c.i.embedder.EclipseLogger - Copying 0 resource
2018-07-29 14:50:18,013 [Worker-52] INFO  o.e.m.c.i.embedder.EclipseLogger - Using 'UTF-8' encoding to copy filtered resources.
2018-07-29 14:50:18,015 [Worker-52] INFO  o.e.m.c.i.embedder.EclipseLogger - skip non existing resourceDirectory C:\Users\mattstro\eclipse-workspace\gs-uploading-files\src\test\resources
2018-07-29 14:50:23,580 [Worker-56] INFO  o.e.m.c.i.embedder.EclipseLogger - Using 'UTF-8' encoding to copy filtered resources.
2018-07-29 14:50:23,585 [Worker-56] INFO  o.e.m.c.i.embedder.EclipseLogger - Copying 0 resource
2018-07-29 14:50:23,586 [Worker-56] INFO  o.e.m.c.i.embedder.EclipseLogger - Copying 0 resource
2018-07-29 14:50:23,590 [Worker-56] INFO  o.e.m.c.i.embedder.EclipseLogger - Using 'UTF-8' encoding to copy filtered resources.
2018-07-29 14:50:23,591 [Worker-56] INFO  o.e.m.c.i.embedder.EclipseLogger - skip non existing resourceDirectory C:\Users\mattstro\eclipse-workspace\gs-uploading-files\src\test\resources
2018-07-29 14:50:23,596 [Worker-31] INFO  o.e.m.c.i.p.ProjectConfigurationManager - Update started
2018-07-29 14:50:25,157 [Worker-31] INFO  o.e.m.c.i.l.LifecycleMappingFactory - Using org.eclipse.m2e.jdt.JarLifecycleMapping lifecycle mapping for MavenProject: org.springframework:gs-uploading-files:0.1.0 @ C:\Users\mattstro\eclipse-workspace\gs-uploading-files\pom.xml.
2018-07-29 14:50:26,808 [Worker-31] INFO  o.e.m.j.i.AbstractJavaProjectConfigurator - Adding source folder /gs-uploading-files/src/main/java
2018-07-29 14:50:26,810 [Worker-31] INFO  o.e.m.j.i.AbstractJavaProjectConfigurator - Adding resource folder /gs-uploading-files/src/main/resources
2018-07-29 14:50:26,812 [Worker-31] INFO  o.e.m.j.i.AbstractJavaProjectConfigurator - Adding resource folder /gs-uploading-files/src/main/resources
2018-07-29 14:50:26,813 [Worker-31] INFO  o.e.m.j.i.AbstractJavaProjectConfigurator - Adding source folder /gs-uploading-files/src/test/java
2018-07-29 14:50:28,098 [Worker-31] INFO  o.e.m.c.i.p.ProjectConfigurationManager - Update completed: 4 sec
2018-07-29 14:50:29,969 [Worker-45] INFO  o.e.m.c.i.embedder.EclipseLogger - Using 'UTF-8' encoding to copy filtered resources.
2018-07-29 14:50:29,971 [Worker-45] INFO  o.e.m.c.i.embedder.EclipseLogger - Copying 1 resource
2018-07-29 14:50:29,999 [Worker-45] INFO  o.e.m.c.i.embedder.EclipseLogger - Copying 1 resource
2018-07-29 14:50:30,024 [Worker-45] INFO  o.e.m.c.i.embedder.EclipseLogger - Using 'UTF-8' encoding to copy filtered resources.
2018-07-29 14:50:30,025 [Worker-45] INFO  o.e.m.c.i.embedder.EclipseLogger - skip non existing resourceDirectory C:\Users\mattstro\eclipse-workspace\gs-uploading-files\src\test\resources
2018-07-29 14:50:40,535 [Worker-31] INFO  o.e.m.c.i.l.LifecycleMappingFactory - Using org.eclipse.m2e.jdt.JarLifecycleMapping lifecycle mapping for MavenProject: org.springframework:gs-uploading-files:0.1.0 @ C:\Users\mattstro\eclipse-workspace\gs-uploading-files\pom.xml.
2018-07-29 14:50:42,526 [Worker-31] INFO  o.e.m.c.i.embedder.EclipseLogger - Using 'UTF-8' encoding to copy filtered resources.
2018-07-29 14:50:42,533 [Worker-31] INFO  o.e.m.c.i.embedder.EclipseLogger - Copying 0 resource
2018-07-29 14:50:42,535 [Worker-31] INFO  o.e.m.c.i.embedder.EclipseLogger - Copying 0 resource
2018-07-29 14:50:42,540 [Worker-31] INFO  o.e.m.c.i.embedder.EclipseLogger - Using 'UTF-8' encoding to copy filtered resources.
2018-07-29 14:50:42,540 [Worker-31] INFO  o.e.m.c.i.embedder.EclipseLogger - skip non existing resourceDirectory C:\Users\mattstro\eclipse-workspace\gs-uploading-files\src\test\resources
2018-07-29 14:50:45,529 [Worker-43] INFO  o.e.m.c.i.p.ProjectConfigurationManager - Update started
2018-07-29 14:50:48,581 [Worker-43] INFO  o.e.m.c.i.l.LifecycleMappingFactory - Using org.eclipse.m2e.jdt.JarLifecycleMapping lifecycle mapping for MavenProject: org.springframework:gs-uploading-files:0.1.0 @ C:\Users\mattstro\eclipse-workspace\gs-uploading-files\pom.xml.
2018-07-29 14:50:50,848 [Worker-43] INFO  o.e.m.j.i.AbstractJavaProjectConfigurator - Adding source folder /gs-uploading-files/src/main/java
2018-07-29 14:50:50,849 [Worker-43] INFO  o.e.m.j.i.AbstractJavaProjectConfigurator - Adding resource folder /gs-uploading-files/src/main/resources
2018-07-29 14:50:50,850 [Worker-43] INFO  o.e.m.j.i.AbstractJavaProjectConfigurator - Adding resource folder /gs-uploading-files/src/main/resources
2018-07-29 14:50:50,851 [Worker-43] INFO  o.e.m.j.i.AbstractJavaProjectConfigurator - Adding source folder /gs-uploading-files/src/test/java
2018-07-29 14:50:53,601 [Worker-43] INFO  o.e.m.c.i.p.ProjectConfigurationManager - Update completed: 8 sec
2018-07-29 14:50:55,997 [Worker-45] INFO  o.e.m.c.i.embedder.EclipseLogger - Using 'UTF-8' encoding to copy filtered resources.
2018-07-29 14:50:55,999 [Worker-45] INFO  o.e.m.c.i.embedder.EclipseLogger - Copying 1 resource
2018-07-29 14:50:56,027 [Worker-45] INFO  o.e.m.c.i.embedder.EclipseLogger - Copying 1 resource
2018-07-29 14:50:56,052 [Worker-45] INFO  o.e.m.c.i.embedder.EclipseLogger - Using 'UTF-8' encoding to copy filtered resources.
2018-07-29 14:50:56,052 [Worker-45] INFO  o.e.m.c.i.embedder.EclipseLogger - skip non existing resourceDirectory C:\Users\mattstro\eclipse-workspace\gs-uploading-files\src\test\resources
2018-07-29 14:52:02,433 [Worker-49] INFO  o.e.m.c.i.embedder.EclipseLogger - Using 'UTF-8' encoding to copy filtered resources.
2018-07-29 14:52:02,441 [Worker-49] INFO  o.e.m.c.i.embedder.EclipseLogger - Copying 0 resource
2018-07-29 14:52:02,442 [Worker-49] INFO  o.e.m.c.i.embedder.EclipseLogger - Copying 0 resource
2018-07-29 14:52:02,462 [Worker-49] INFO  o.e.m.c.i.embedder.EclipseLogger - Using 'UTF-8' encoding to copy filtered resources.
2018-07-29 14:52:02,465 [Worker-49] INFO  o.e.m.c.i.embedder.EclipseLogger - skip non existing resourceDirectory C:\Users\mattstro\eclipse-workspace\gs-uploading-files\src\test\resources
2018-07-29 14:57:02,696 [Worker-61] INFO  o.e.m.c.i.embedder.EclipseLogger - Using 'UTF-8' encoding to copy filtered resources.
2018-07-29 14:57:02,699 [Worker-61] INFO  o.e.m.c.i.embedder.EclipseLogger - Copying 0 resource
2018-07-29 14:57:02,701 [Worker-61] INFO  o.e.m.c.i.embedder.EclipseLogger - Copying 0 resource
2018-07-29 14:57:02,707 [Worker-61] INFO  o.e.m.c.i.embedder.EclipseLogger - Using 'UTF-8' encoding to copy filtered resources.
2018-07-29 14:57:02,707 [Worker-61] INFO  o.e.m.c.i.embedder.EclipseLogger - skip non existing resourceDirectory C:\Users\mattstro\eclipse-workspace\gs-uploading-files\src\test\resources
2018-07-29 14:57:41,047 [Worker-64] INFO  o.e.m.c.i.embedder.EclipseLogger - Using 'UTF-8' encoding to copy filtered resources.
2018-07-29 14:57:41,059 [Worker-64] INFO  o.e.m.c.i.embedder.EclipseLogger - Copying 1 resource
2018-07-29 14:57:41,126 [Worker-64] INFO  o.e.m.c.i.embedder.EclipseLogger - Copying 1 resource
2018-07-29 14:57:41,137 [Worker-64] INFO  o.e.m.c.i.embedder.EclipseLogger - Using 'UTF-8' encoding to copy filtered resources.
2018-07-29 14:57:41,139 [Worker-64] INFO  o.e.m.c.i.embedder.EclipseLogger - skip non existing resourceDirectory C:\Users\mattstro\eclipse-workspace\gs-uploading-files\src\test\resources
2018-07-29 14:59:36,245 [Worker-50] INFO  o.e.m.c.i.embedder.EclipseLogger - Using 'UTF-8' encoding to copy filtered resources.
2018-07-29 14:59:36,250 [Worker-50] INFO  o.e.m.c.i.embedder.EclipseLogger - Copying 1 resource
2018-07-29 14:59:36,270 [Worker-50] INFO  o.e.m.c.i.embedder.EclipseLogger - Copying 1 resource
2018-07-29 14:59:36,277 [Worker-50] INFO  o.e.m.c.i.embedder.EclipseLogger - Using 'UTF-8' encoding to copy filtered resources.
2018-07-29 14:59:36,277 [Worker-50] INFO  o.e.m.c.i.embedder.EclipseLogger - skip non existing resourceDirectory C:\Users\mattstro\eclipse-workspace\gs-uploading-files\src\test\resources
2018-07-29 15:00:03,154 [Worker-31] INFO  o.e.m.c.i.embedder.EclipseLogger - Using 'UTF-8' encoding to copy filtered resources.
2018-07-29 15:00:03,157 [Worker-31] INFO  o.e.m.c.i.embedder.EclipseLogger - Copying 1 resource
2018-07-29 15:00:03,170 [Worker-31] INFO  o.e.m.c.i.embedder.EclipseLogger - Copying 1 resource
2018-07-29 15:00:03,175 [Worker-31] INFO  o.e.m.c.i.embedder.EclipseLogger - Using 'UTF-8' encoding to copy filtered resources.
2018-07-29 15:00:03,175 [Worker-31] INFO  o.e.m.c.i.embedder.EclipseLogger - skip non existing resourceDirectory C:\Users\mattstro\eclipse-workspace\gs-uploading-files\src\test\resources
2018-07-29 15:01:56,802 [Worker-65] INFO  o.e.m.c.i.embedder.EclipseLogger - Using 'UTF-8' encoding to copy filtered resources.
2018-07-29 15:01:56,810 [Worker-65] INFO  o.e.m.c.i.embedder.EclipseLogger - Copying 1 resource
2018-07-29 15:01:56,827 [Worker-65] INFO  o.e.m.c.i.embedder.EclipseLogger - Copying 1 resource
2018-07-29 15:01:56,834 [Worker-65] INFO  o.e.m.c.i.embedder.EclipseLogger - Using 'UTF-8' encoding to copy filtered resources.
2018-07-29 15:01:56,834 [Worker-65] INFO  o.e.m.c.i.embedder.EclipseLogger - skip non existing resourceDirectory C:\Users\mattstro\eclipse-workspace\gs-uploading-files\src\test\resources
